sample.interval=20000
"inDL" "dyn.load" "library.dynam" "loadNamespace" "asNamespace" "namespaceImportFrom" "loadNamespace" "vm_p_full_idx" 
"inDL" "dyn.load" "library.dynam" "loadNamespace" "asNamespace" "namespaceImportFrom" "loadNamespace" "vm_p_full_idx" 
"[[" "lapply" "FUN" "lapply" "assignNativeRoutines" "loadNamespace" "vm_p_full_idx" 
"CPL_gdal_dimension" "st_dimension" "st_geos_binop" "st_intersects.sfc" "op" "lengths" "[.sfc" "[" "st_poly_sample" "st_sample.sfc" "st_sample" "st_sample.sf" "sf::st_sample" "sf::st_set_crs" "get_igp" "sanitize_geos_geometry" "geos::geos_buffer" "vm_p_full_idx" 
"CPL_geos_binop" "st_geos_binop" "t" "st_geos_binop" "st_intersects.sfc" "op" "lengths" "[.sfc" "[" "st_poly_sample" "st_sample.sfc" "st_sample" "st_sample.sf" "sf::st_sample" "sf::st_set_crs" "get_igp" "sanitize_geos_geometry" "geos::geos_buffer" "vm_p_full_idx" 
"[[" "vapply" "st_geometry_type" "st_sample.sfc" "st_sample" "st_sample.sf" "sf::st_sample" "sf::st_set_crs" "get_igp" "sanitize_geos_geometry" "geos::geos_buffer" "vm_p_full_idx" 
"geos::geos_buffer" "vm_p_full_idx" 
"geos::geos_buffer" "vm_p_full_idx" 
"geos::geos_buffer" "vm_p_full_idx" 
"geos::geos_buffer" "vm_p_full_idx" 
"geos::geos_buffer" "vm_p_full_idx" 
"geos::geos_buffer" "vm_p_full_idx" 
"geos::geos_buffer" "vm_p_full_idx" 
"geos::geos_buffer" "vm_p_full_idx" 
"new_geos_geometry" "geos::geos_intersection" "sanitize_geos_geometry" "geos::geos_area" "vm_p_full_idx" 
"new_geos_geometry" "geos::geos_intersection" "sanitize_geos_geometry" "geos::geos_area" "vm_p_full_idx" 
"new_geos_geometry" "geos::geos_intersection" "sanitize_geos_geometry" "geos::geos_area" "vm_p_full_idx" 
"new_geos_geometry" "geos::geos_intersection" "sanitize_geos_geometry" "geos::geos_area" "vm_p_full_idx" 
"new_geos_geometry" "geos::geos_intersection" "sanitize_geos_geometry" "geos::geos_area" "vm_p_full_idx" 
"new_geos_geometry" "geos::geos_intersection" "sanitize_geos_geometry" "geos::geos_area" "vm_p_full_idx" 
"new_geos_geometry" "geos::geos_intersection" "sanitize_geos_geometry" "geos::geos_area" "vm_p_full_idx" 
"new_geos_geometry" "geos::geos_intersection" "sanitize_geos_geometry" "geos::geos_area" "vm_p_full_idx" 
"new_geos_geometry" "geos::geos_intersection" "sanitize_geos_geometry" "geos::geos_area" "vm_p_full_idx" 
"new_geos_geometry" "geos::geos_intersection" "sanitize_geos_geometry" "geos::geos_area" "vm_p_full_idx" 
"CPL_gdal_dimension" "st_dimension" "st_geos_binop" "st_intersects.sfc" "op" "lengths" "[.sfc" "[" "st_poly_sample" "st_sample.sfc" "st_sample" "st_sample.sf" "sf::st_sample" "sf::st_set_crs" "get_igp" "sanitize_geos_geometry" "geos::geos_buffer" "vm_p_full_idx" 
"CPL_geos_binop" "st_geos_binop" "t" "st_geos_binop" "st_intersects.sfc" "op" "lengths" "[.sfc" "[" "st_poly_sample" "st_sample.sfc" "st_sample" "st_sample.sf" "sf::st_sample" "sf::st_set_crs" "get_igp" "sanitize_geos_geometry" "geos::geos_buffer" "vm_p_full_idx" 
"lengths" "[.sfc" "[" "st_poly_sample" "st_sample.sfc" "st_sample" "st_sample.sf" "sf::st_sample" "sf::st_set_crs" "get_igp" "sanitize_geos_geometry" "geos::geos_buffer" "vm_p_full_idx" 
"FUN" "vapply" "st_geometry_type" "st_sample.sfc" "st_sample" "st_sample.sf" "sf::st_sample" "sf::st_set_crs" "get_igp" "sanitize_geos_geometry" "geos::geos_buffer" "vm_p_full_idx" 
"geos::geos_buffer" "vm_p_full_idx" 
"geos::geos_buffer" "vm_p_full_idx" 
"geos::geos_buffer" "vm_p_full_idx" 
"geos::geos_buffer" "vm_p_full_idx" 
"geos::geos_buffer" "vm_p_full_idx" 
"geos::geos_buffer" "vm_p_full_idx" 
"geos::geos_buffer" "vm_p_full_idx" 
"geos::geos_buffer" "vm_p_full_idx" 
"new_geos_geometry" "geos::geos_intersection" "sanitize_geos_geometry" "geos::geos_area" "vm_p_full_idx" 
"new_geos_geometry" "geos::geos_intersection" "sanitize_geos_geometry" "geos::geos_area" "vm_p_full_idx" 
"new_geos_geometry" "geos::geos_intersection" "sanitize_geos_geometry" "geos::geos_area" "vm_p_full_idx" 
"new_geos_geometry" "geos::geos_intersection" "sanitize_geos_geometry" "geos::geos_area" "vm_p_full_idx" 
"new_geos_geometry" "geos::geos_intersection" "sanitize_geos_geometry" "geos::geos_area" "vm_p_full_idx" 
"new_geos_geometry" "geos::geos_intersection" "sanitize_geos_geometry" "geos::geos_area" "vm_p_full_idx" 
"new_geos_geometry" "geos::geos_intersection" "sanitize_geos_geometry" "geos::geos_area" "vm_p_full_idx" 
"new_geos_geometry" "geos::geos_intersection" "sanitize_geos_geometry" "geos::geos_area" "vm_p_full_idx" 
"new_geos_geometry" "geos::geos_intersection" "sanitize_geos_geometry" "geos::geos_area" "vm_p_full_idx" 
"new_geos_geometry" "geos::geos_intersection" "sanitize_geos_geometry" "geos::geos_area" "vm_p_full_idx" 
"CPL_gdal_dimension" "st_dimension" "st_geos_binop" "st_intersects.sfc" "op" "lengths" "[.sfc" "[" "st_poly_sample" "st_sample.sfc" "st_sample" "st_sample.sf" "sf::st_sample" "sf::st_set_crs" "get_igp" "sanitize_geos_geometry" "geos::geos_buffer" "vm_p_full_idx" 
"CPL_geos_binop" "st_geos_binop" "t" "st_geos_binop" "st_intersects.sfc" "op" "lengths" "[.sfc" "[" "st_poly_sample" "st_sample.sfc" "st_sample" "st_sample.sf" "sf::st_sample" "sf::st_set_crs" "get_igp" "sanitize_geos_geometry" "geos::geos_buffer" "vm_p_full_idx" 
"lengths" "[.sfc" "[" "st_poly_sample" "st_sample.sfc" "st_sample" "st_sample.sf" "sf::st_sample" "sf::st_set_crs" "get_igp" "sanitize_geos_geometry" "geos::geos_buffer" "vm_p_full_idx" 
"wk_handle.sfc" "wk_handle" "wk_translate.default" "wk::wk_translate" "as_geos_geometry.default" "as_geos_geometry" "sanitize_geos_geometry" "geos::geos_buffer" "vm_p_full_idx" 
"geos::geos_buffer" "vm_p_full_idx" 
"geos::geos_buffer" "vm_p_full_idx" 
"geos::geos_buffer" "vm_p_full_idx" 
"geos::geos_buffer" "vm_p_full_idx" 
"geos::geos_buffer" "vm_p_full_idx" 
"geos::geos_buffer" "vm_p_full_idx" 
"geos::geos_buffer" "vm_p_full_idx" 
"geos::geos_buffer" "vm_p_full_idx" 
"new_geos_geometry" "geos::geos_intersection" "sanitize_geos_geometry" "geos::geos_area" "vm_p_full_idx" 
"new_geos_geometry" "geos::geos_intersection" "sanitize_geos_geometry" "geos::geos_area" "vm_p_full_idx" 
"new_geos_geometry" "geos::geos_intersection" "sanitize_geos_geometry" "geos::geos_area" "vm_p_full_idx" 
"new_geos_geometry" "geos::geos_intersection" "sanitize_geos_geometry" "geos::geos_area" "vm_p_full_idx" 
"new_geos_geometry" "geos::geos_intersection" "sanitize_geos_geometry" "geos::geos_area" "vm_p_full_idx" 
"new_geos_geometry" "geos::geos_intersection" "sanitize_geos_geometry" "geos::geos_area" "vm_p_full_idx" 
"new_geos_geometry" "geos::geos_intersection" "sanitize_geos_geometry" "geos::geos_area" "vm_p_full_idx" 
"new_geos_geometry" "geos::geos_intersection" "sanitize_geos_geometry" "geos::geos_area" "vm_p_full_idx" 
"new_geos_geometry" "geos::geos_intersection" "sanitize_geos_geometry" "geos::geos_area" "vm_p_full_idx" 
"new_geos_geometry" "geos::geos_intersection" "sanitize_geos_geometry" "geos::geos_area" "vm_p_full_idx" 
"CPL_gdal_dimension" "st_dimension" "st_geos_binop" "st_intersects.sfc" "op" "lengths" "[.sfc" "[" "st_poly_sample" "st_sample.sfc" "st_sample" "st_sample.sf" "sf::st_sample" "sf::st_set_crs" "get_igp" "sanitize_geos_geometry" "geos::geos_buffer" "vm_p_full_idx" 
"CPL_geos_binop" "st_geos_binop" "t" "st_geos_binop" "st_intersects.sfc" "op" "lengths" "[.sfc" "[" "st_poly_sample" "st_sample.sfc" "st_sample" "st_sample.sf" "sf::st_sample" "sf::st_set_crs" "get_igp" "sanitize_geos_geometry" "geos::geos_buffer" "vm_p_full_idx" 
"lengths" "[.sfc" "[" "st_poly_sample" "st_sample.sfc" "st_sample" "st_sample.sf" "sf::st_sample" "sf::st_set_crs" "get_igp" "sanitize_geos_geometry" "geos::geos_buffer" "vm_p_full_idx" 
"lengths" "[.sfc" "[" "st_poly_sample" "st_sample.sfc" "st_sample" "st_sample.sf" "sf::st_sample" "sf::st_set_crs" "get_igp" "sanitize_geos_geometry" "geos::geos_buffer" "vm_p_full_idx" 
"lengths" "[.sfc" "[" "st_poly_sample" "st_sample.sfc" "st_sample" "st_sample.sf" "sf::st_sample" "sf::st_set_crs" "get_igp" "sanitize_geos_geometry" "geos::geos_buffer" "vm_p_full_idx" 
"geos::geos_buffer" "vm_p_full_idx" 
"geos::geos_buffer" "vm_p_full_idx" 
"geos::geos_buffer" "vm_p_full_idx" 
"geos::geos_buffer" "vm_p_full_idx" 
"geos::geos_buffer" "vm_p_full_idx" 
"geos::geos_buffer" "vm_p_full_idx" 
"geos::geos_buffer" "vm_p_full_idx" 
"geos::geos_buffer" "vm_p_full_idx" 
"new_geos_geometry" "geos::geos_intersection" "sanitize_geos_geometry" "geos::geos_area" "vm_p_full_idx" 
"new_geos_geometry" "geos::geos_intersection" "sanitize_geos_geometry" "geos::geos_area" "vm_p_full_idx" 
"new_geos_geometry" "geos::geos_intersection" "sanitize_geos_geometry" "geos::geos_area" "vm_p_full_idx" 
"new_geos_geometry" "geos::geos_intersection" "sanitize_geos_geometry" "geos::geos_area" "vm_p_full_idx" 
"new_geos_geometry" "geos::geos_intersection" "sanitize_geos_geometry" "geos::geos_area" "vm_p_full_idx" 
"new_geos_geometry" "geos::geos_intersection" "sanitize_geos_geometry" "geos::geos_area" "vm_p_full_idx" 
"new_geos_geometry" "geos::geos_intersection" "sanitize_geos_geometry" "geos::geos_area" "vm_p_full_idx" 
"new_geos_geometry" "geos::geos_intersection" "sanitize_geos_geometry" "geos::geos_area" "vm_p_full_idx" 
"new_geos_geometry" "geos::geos_intersection" "sanitize_geos_geometry" "geos::geos_area" "vm_p_full_idx" 
"new_geos_geometry" "geos::geos_intersection" "sanitize_geos_geometry" "geos::geos_area" "vm_p_full_idx" 
"is.na" "make_crs" "st_crs<-.sfc" "st_crs<-" "st_sfc" "st_as_sfc.bbox" "st_as_sfc" "st_area" "st_poly_sample" "st_sample.sfc" "st_sample" "st_sample.sf" "sf::st_sample" "sf::st_set_crs" "get_igp" "sanitize_geos_geometry" "geos::geos_buffer" "vm_p_full_idx" 
"CPL_gdal_dimension" "st_dimension" "st_geos_binop" "st_intersects.sfc" "op" "lengths" "[.sfc" "[" "st_poly_sample" "st_sample.sfc" "st_sample" "st_sample.sf" "sf::st_sample" "sf::st_set_crs" "get_igp" "sanitize_geos_geometry" "geos::geos_buffer" "vm_p_full_idx" 
"CPL_geos_binop" "st_geos_binop" "t" "st_geos_binop" "st_intersects.sfc" "op" "lengths" "[.sfc" "[" "st_poly_sample" "st_sample.sfc" "st_sample" "st_sample.sf" "sf::st_sample" "sf::st_set_crs" "get_igp" "sanitize_geos_geometry" "geos::geos_buffer" "vm_p_full_idx" 
"paste0" "st_sfc" "[.sfc" "[" "st_poly_sample" "st_sample.sfc" "st_sample" "st_sample.sf" "sf::st_sample" "sf::st_set_crs" "get_igp" "sanitize_geos_geometry" "geos::geos_buffer" "vm_p_full_idx" 
"vapply" "st_geometry_type" "st_sample.sfc" "st_sample" "st_sample.sf" "sf::st_sample" "sf::st_set_crs" "get_igp" "sanitize_geos_geometry" "geos::geos_buffer" "vm_p_full_idx" 
"vapply" "st_geometry_type" "st_sample.sfc" "st_sample" "st_sample.sf" "sf::st_sample" "sf::st_set_crs" "get_igp" "sanitize_geos_geometry" "geos::geos_buffer" "vm_p_full_idx" 
"vapply" "st_geometry_type" "st_sample.sfc" "st_sample" "st_sample.sf" "sf::st_sample" "sf::st_set_crs" "get_igp" "sanitize_geos_geometry" "geos::geos_buffer" "vm_p_full_idx" 
"geos::geos_buffer" "vm_p_full_idx" 
"geos::geos_buffer" "vm_p_full_idx" 
"geos::geos_buffer" "vm_p_full_idx" 
"geos::geos_buffer" "vm_p_full_idx" 
"geos::geos_buffer" "vm_p_full_idx" 
"geos::geos_buffer" "vm_p_full_idx" 
"geos::geos_buffer" "vm_p_full_idx" 
"geos::geos_buffer" "vm_p_full_idx" 
"new_geos_geometry" "geos::geos_intersection" "sanitize_geos_geometry" "geos::geos_area" "vm_p_full_idx" 
"new_geos_geometry" "geos::geos_intersection" "sanitize_geos_geometry" "geos::geos_area" "vm_p_full_idx" 
"new_geos_geometry" "geos::geos_intersection" "sanitize_geos_geometry" "geos::geos_area" "vm_p_full_idx" 
"new_geos_geometry" "geos::geos_intersection" "sanitize_geos_geometry" "geos::geos_area" "vm_p_full_idx" 
"new_geos_geometry" "geos::geos_intersection" "sanitize_geos_geometry" "geos::geos_area" "vm_p_full_idx" 
"new_geos_geometry" "geos::geos_intersection" "sanitize_geos_geometry" "geos::geos_area" "vm_p_full_idx" 
"new_geos_geometry" "geos::geos_intersection" "sanitize_geos_geometry" "geos::geos_area" "vm_p_full_idx" 
"new_geos_geometry" "geos::geos_intersection" "sanitize_geos_geometry" "geos::geos_area" "vm_p_full_idx" 
"new_geos_geometry" "geos::geos_intersection" "sanitize_geos_geometry" "geos::geos_area" "vm_p_full_idx" 
"new_geos_geometry" "geos::geos_intersection" "sanitize_geos_geometry" "geos::geos_area" "vm_p_full_idx" 
"CPL_gdal_dimension" "st_dimension" "st_geos_binop" "st_intersects.sfc" "op" "lengths" "[.sfc" "[" "st_poly_sample" "st_sample.sfc" "st_sample" "st_sample.sf" "sf::st_sample" "sf::st_set_crs" "get_igp" "sanitize_geos_geometry" "geos::geos_buffer" "vm_p_full_idx" 
"CPL_geos_binop" "st_geos_binop" "t" "st_geos_binop" "st_intersects.sfc" "op" "lengths" "[.sfc" "[" "st_poly_sample" "st_sample.sfc" "st_sample" "st_sample.sf" "sf::st_sample" "sf::st_set_crs" "get_igp" "sanitize_geos_geometry" "geos::geos_buffer" "vm_p_full_idx" 
"vapply" "st_geometry_type" "st_sample.sfc" "st_sample" "st_sample.sf" "sf::st_sample" "sf::st_set_crs" "get_igp" "sanitize_geos_geometry" "geos::geos_buffer" "vm_p_full_idx" 
"geos::geos_buffer" "vm_p_full_idx" 
"geos::geos_buffer" "vm_p_full_idx" 
"geos::geos_buffer" "vm_p_full_idx" 
"geos::geos_buffer" "vm_p_full_idx" 
"geos::geos_buffer" "vm_p_full_idx" 
"geos::geos_buffer" "vm_p_full_idx" 
"geos::geos_buffer" "vm_p_full_idx" 
"geos::geos_buffer" "vm_p_full_idx" 
"new_geos_geometry" "geos::geos_intersection" "sanitize_geos_geometry" "geos::geos_area" "vm_p_full_idx" 
"new_geos_geometry" "geos::geos_intersection" "sanitize_geos_geometry" "geos::geos_area" "vm_p_full_idx" 
"new_geos_geometry" "geos::geos_intersection" "sanitize_geos_geometry" "geos::geos_area" "vm_p_full_idx" 
"new_geos_geometry" "geos::geos_intersection" "sanitize_geos_geometry" "geos::geos_area" "vm_p_full_idx" 
"new_geos_geometry" "geos::geos_intersection" "sanitize_geos_geometry" "geos::geos_area" "vm_p_full_idx" 
"new_geos_geometry" "geos::geos_intersection" "sanitize_geos_geometry" "geos::geos_area" "vm_p_full_idx" 
"new_geos_geometry" "geos::geos_intersection" "sanitize_geos_geometry" "geos::geos_area" "vm_p_full_idx" 
"new_geos_geometry" "geos::geos_intersection" "sanitize_geos_geometry" "geos::geos_area" "vm_p_full_idx" 
"new_geos_geometry" "geos::geos_intersection" "sanitize_geos_geometry" "geos::geos_area" "vm_p_full_idx" 
"new_geos_geometry" "geos::geos_intersection" "sanitize_geos_geometry" "geos::geos_area" "vm_p_full_idx" 
"new_geos_geometry" "geos::geos_intersection" "sanitize_geos_geometry" "geos::geos_area" "vm_p_full_idx" 
"st_sfc" "st_as_sfc.bbox" "st_as_sfc" "st_area" "st_poly_sample" "st_sample.sfc" "st_sample" "st_poly_sample" "st_sample.sfc" "st_sample" "st_sample.sf" "sf::st_sample" "sf::st_set_crs" "get_igp" "sanitize_geos_geometry" "geos::geos_buffer" "vm_p_full_idx" 
"CPL_gdal_dimension" "st_dimension" "st_geos_binop" "st_intersects.sfc" "op" "lengths" "[.sfc" "[" "st_poly_sample" "st_sample.sfc" "st_sample" "st_sample.sf" "sf::st_sample" "sf::st_set_crs" "get_igp" "sanitize_geos_geometry" "geos::geos_buffer" "vm_p_full_idx" 
"CPL_gdal_dimension" "st_dimension" "st_geos_binop" "t" "st_geos_binop" "st_intersects.sfc" "op" "lengths" "[.sfc" "[" "st_poly_sample" "st_sample.sfc" "st_sample" "st_sample.sf" "sf::st_sample" "sf::st_set_crs" "get_igp" "sanitize_geos_geometry" "geos::geos_buffer" "vm_p_full_idx" 
"CPL_geos_binop" "st_geos_binop" "t" "st_geos_binop" "st_intersects.sfc" "op" "lengths" "[.sfc" "[" "st_poly_sample" "st_sample.sfc" "st_sample" "st_sample.sf" "sf::st_sample" "sf::st_set_crs" "get_igp" "sanitize_geos_geometry" "geos::geos_buffer" "vm_p_full_idx" 
"vapply" "st_geometry_type" "st_sample.sfc" "st_sample" "st_sample.sf" "sf::st_sample" "sf::st_set_crs" "get_igp" "sanitize_geos_geometry" "geos::geos_buffer" "vm_p_full_idx" 
"geos::geos_buffer" "vm_p_full_idx" 
"geos::geos_buffer" "vm_p_full_idx" 
"geos::geos_buffer" "vm_p_full_idx" 
"geos::geos_buffer" "vm_p_full_idx" 
"geos::geos_buffer" "vm_p_full_idx" 
"geos::geos_buffer" "vm_p_full_idx" 
"geos::geos_buffer" "vm_p_full_idx" 
"geos::geos_buffer" "vm_p_full_idx" 
"new_geos_geometry" "geos::geos_intersection" "sanitize_geos_geometry" "geos::geos_area" "vm_p_full_idx" 
"new_geos_geometry" "geos::geos_intersection" "sanitize_geos_geometry" "geos::geos_area" "vm_p_full_idx" 
"new_geos_geometry" "geos::geos_intersection" "sanitize_geos_geometry" "geos::geos_area" "vm_p_full_idx" 
"new_geos_geometry" "geos::geos_intersection" "sanitize_geos_geometry" "geos::geos_area" "vm_p_full_idx" 
"new_geos_geometry" "geos::geos_intersection" "sanitize_geos_geometry" "geos::geos_area" "vm_p_full_idx" 
"new_geos_geometry" "geos::geos_intersection" "sanitize_geos_geometry" "geos::geos_area" "vm_p_full_idx" 
"new_geos_geometry" "geos::geos_intersection" "sanitize_geos_geometry" "geos::geos_area" "vm_p_full_idx" 
"new_geos_geometry" "geos::geos_intersection" "sanitize_geos_geometry" "geos::geos_area" "vm_p_full_idx" 
"new_geos_geometry" "geos::geos_intersection" "sanitize_geos_geometry" "geos::geos_area" "vm_p_full_idx" 
"new_geos_geometry" "geos::geos_intersection" "sanitize_geos_geometry" "geos::geos_area" "vm_p_full_idx" 
"points_cpp" "points_rcpp" "structure" "st_as_sf.data.frame" "st_as_sf" "st_geometry" "st_make_grid" "st_poly_sample" "st_sample.sfc" "st_sample" "st_sample.sf" "sf::st_sample" "sf::st_set_crs" "get_igp" "sanitize_geos_geometry" "geos::geos_buffer" "vm_p_full_idx" 
"CPL_geos_binop" "st_geos_binop" "t" "st_geos_binop" "st_intersects.sfc" "op" "lengths" "[.sfc" "[" "st_poly_sample" "st_sample.sfc" "st_sample" "st_sample.sf" "sf::st_sample" "sf::st_set_crs" "get_igp" "sanitize_geos_geometry" "geos::geos_buffer" "vm_p_full_idx" 
"[[" "vapply" "st_geometry_type" "st_sample.sfc" "st_sample" "st_sample.sf" "sf::st_sample" "sf::st_set_crs" "get_igp" "sanitize_geos_geometry" "geos::geos_buffer" "vm_p_full_idx" 
"Reduce" "wk_crs_output" "wk_translate.default" "wk::wk_translate" "as_geos_geometry.default" "as_geos_geometry" "sanitize_geos_geometry" "geos::geos_buffer" "vm_p_full_idx" 
"geos::geos_buffer" "vm_p_full_idx" 
"geos::geos_buffer" "vm_p_full_idx" 
"geos::geos_buffer" "vm_p_full_idx" 
"geos::geos_buffer" "vm_p_full_idx" 
"geos::geos_buffer" "vm_p_full_idx" 
"geos::geos_buffer" "vm_p_full_idx" 
"geos::geos_buffer" "vm_p_full_idx" 
"geos::geos_buffer" "vm_p_full_idx" 
"geos::geos_buffer" "vm_p_full_idx" 
"new_geos_geometry" "geos::geos_intersection" "sanitize_geos_geometry" "geos::geos_area" "vm_p_full_idx" 
"new_geos_geometry" "geos::geos_intersection" "sanitize_geos_geometry" "geos::geos_area" "vm_p_full_idx" 
"new_geos_geometry" "geos::geos_intersection" "sanitize_geos_geometry" "geos::geos_area" "vm_p_full_idx" 
"new_geos_geometry" "geos::geos_intersection" "sanitize_geos_geometry" "geos::geos_area" "vm_p_full_idx" 
"new_geos_geometry" "geos::geos_intersection" "sanitize_geos_geometry" "geos::geos_area" "vm_p_full_idx" 
"new_geos_geometry" "geos::geos_intersection" "sanitize_geos_geometry" "geos::geos_area" "vm_p_full_idx" 
"new_geos_geometry" "geos::geos_intersection" "sanitize_geos_geometry" "geos::geos_area" "vm_p_full_idx" 
"new_geos_geometry" "geos::geos_intersection" "sanitize_geos_geometry" "geos::geos_area" "vm_p_full_idx" 
"new_geos_geometry" "geos::geos_intersection" "sanitize_geos_geometry" "geos::geos_area" "vm_p_full_idx" 
"new_geos_geometry" "geos::geos_intersection" "sanitize_geos_geometry" "geos::geos_area" "vm_p_full_idx" 
"new_geos_geometry" "geos::geos_intersection" "sanitize_geos_geometry" "geos::geos_area" "vm_p_full_idx" 
"CPL_gdal_dimension" "st_dimension" "st_geos_binop" "st_intersects.sfc" "op" "lengths" "[.sfc" "[" "st_poly_sample" "st_sample.sfc" "st_sample" "st_sample.sf" "sf::st_sample" "sf::st_set_crs" "get_igp" "sanitize_geos_geometry" "geos::geos_buffer" "vm_p_full_idx" 
"CPL_gdal_dimension" "st_dimension" "st_geos_binop" "t" "st_geos_binop" "st_intersects.sfc" "op" "lengths" "[.sfc" "[" "st_poly_sample" "st_sample.sfc" "st_sample" "st_sample.sf" "sf::st_sample" "sf::st_set_crs" "get_igp" "sanitize_geos_geometry" "geos::geos_buffer" "vm_p_full_idx" 
"CPL_geos_binop" "st_geos_binop" "t" "st_geos_binop" "st_intersects.sfc" "op" "lengths" "[.sfc" "[" "st_poly_sample" "st_sample.sfc" "st_sample" "st_sample.sf" "sf::st_sample" "sf::st_set_crs" "get_igp" "sanitize_geos_geometry" "geos::geos_buffer" "vm_p_full_idx" 
"lengths" "lengths" "[.sfc" "[" "st_poly_sample" "st_sample.sfc" "st_sample" "st_sample.sf" "sf::st_sample" "sf::st_set_crs" "get_igp" "sanitize_geos_geometry" "geos::geos_buffer" "vm_p_full_idx" 
"wk_handle.sfc" "wk_handle" "wk_translate.default" "wk::wk_translate" "as_geos_geometry.default" "as_geos_geometry" "sanitize_geos_geometry" "geos::geos_buffer" "vm_p_full_idx" 
"geos::geos_buffer" "vm_p_full_idx" 
"geos::geos_buffer" "vm_p_full_idx" 
"geos::geos_buffer" "vm_p_full_idx" 
"geos::geos_buffer" "vm_p_full_idx" 
"geos::geos_buffer" "vm_p_full_idx" 
"geos::geos_buffer" "vm_p_full_idx" 
"geos::geos_buffer" "vm_p_full_idx" 
"new_geos_geometry" "geos::geos_intersection" "sanitize_geos_geometry" "geos::geos_area" "vm_p_full_idx" 
"new_geos_geometry" "geos::geos_intersection" "sanitize_geos_geometry" "geos::geos_area" "vm_p_full_idx" 
"new_geos_geometry" "geos::geos_intersection" "sanitize_geos_geometry" "geos::geos_area" "vm_p_full_idx" 
"new_geos_geometry" "geos::geos_intersection" "sanitize_geos_geometry" "geos::geos_area" "vm_p_full_idx" 
"new_geos_geometry" "geos::geos_intersection" "sanitize_geos_geometry" "geos::geos_area" "vm_p_full_idx" 
"new_geos_geometry" "geos::geos_intersection" "sanitize_geos_geometry" "geos::geos_area" "vm_p_full_idx" 
"new_geos_geometry" "geos::geos_intersection" "sanitize_geos_geometry" "geos::geos_area" "vm_p_full_idx" 
"new_geos_geometry" "geos::geos_intersection" "sanitize_geos_geometry" "geos::geos_area" "vm_p_full_idx" 
"new_geos_geometry" "geos::geos_intersection" "sanitize_geos_geometry" "geos::geos_area" "vm_p_full_idx" 
"new_geos_geometry" "geos::geos_intersection" "sanitize_geos_geometry" "geos::geos_area" "vm_p_full_idx" 
"new_geos_geometry" "geos::geos_intersection" "sanitize_geos_geometry" "geos::geos_area" "vm_p_full_idx" 
"new_geos_geometry" "geos::geos_intersection" "sanitize_geos_geometry" "geos::geos_area" "vm_p_full_idx" 
"structure" "st_as_sf.data.frame" "st_as_sf" "st_geometry" "st_make_grid" "st_poly_sample" "st_sample.sfc" "st_sample" "st_sample.sf" "sf::st_sample" "sf::st_set_crs" "get_igp" "sanitize_geos_geometry" "geos::geos_buffer" "vm_p_full_idx" 
"CPL_gdal_dimension" "st_dimension" "st_geos_binop" "st_intersects.sfc" "op" "lengths" "[.sfc" "[" "st_poly_sample" "st_sample.sfc" "st_sample" "st_sample.sf" "sf::st_sample" "sf::st_set_crs" "get_igp" "sanitize_geos_geometry" "geos::geos_buffer" "vm_p_full_idx" 
"CPL_gdal_dimension" "st_dimension" "st_geos_binop" "t" "st_geos_binop" "st_intersects.sfc" "op" "lengths" "[.sfc" "[" "st_poly_sample" "st_sample.sfc" "st_sample" "st_sample.sf" "sf::st_sample" "sf::st_set_crs" "get_igp" "sanitize_geos_geometry" "geos::geos_buffer" "vm_p_full_idx" 
"CPL_geos_binop" "st_geos_binop" "t" "st_geos_binop" "st_intersects.sfc" "op" "lengths" "[.sfc" "[" "st_poly_sample" "st_sample.sfc" "st_sample" "st_sample.sf" "sf::st_sample" "sf::st_set_crs" "get_igp" "sanitize_geos_geometry" "geos::geos_buffer" "vm_p_full_idx" 
"vapply" "st_geometry_type" "st_sample.sfc" "st_sample" "st_sample.sf" "sf::st_sample" "sf::st_set_crs" "get_igp" "sanitize_geos_geometry" "geos::geos_buffer" "vm_p_full_idx" 
"wk_handle.sfc" "wk_handle" "wk_translate.default" "wk::wk_translate" "as_geos_geometry.default" "as_geos_geometry" "sanitize_geos_geometry" "geos::geos_buffer" "vm_p_full_idx" 
"Reduce" "wk_crs_output" "wk_translate.default" "wk::wk_translate" "as_geos_geometry.default" "as_geos_geometry" "sanitize_geos_geometry" "geos::geos_buffer" "vm_p_full_idx" 
"geos::geos_buffer" "vm_p_full_idx" 
"geos::geos_buffer" "vm_p_full_idx" 
"geos::geos_buffer" "vm_p_full_idx" 
"geos::geos_buffer" "vm_p_full_idx" 
"geos::geos_buffer" "vm_p_full_idx" 
"geos::geos_buffer" "vm_p_full_idx" 
"geos::geos_buffer" "vm_p_full_idx" 
"geos::geos_buffer" "vm_p_full_idx" 
"new_geos_geometry" "geos::geos_intersection" "sanitize_geos_geometry" "geos::geos_area" "vm_p_full_idx" 
"new_geos_geometry" "geos::geos_intersection" "sanitize_geos_geometry" "geos::geos_area" "vm_p_full_idx" 
"new_geos_geometry" "geos::geos_intersection" "sanitize_geos_geometry" "geos::geos_area" "vm_p_full_idx" 
"new_geos_geometry" "geos::geos_intersection" "sanitize_geos_geometry" "geos::geos_area" "vm_p_full_idx" 
"new_geos_geometry" "geos::geos_intersection" "sanitize_geos_geometry" "geos::geos_area" "vm_p_full_idx" 
"new_geos_geometry" "geos::geos_intersection" "sanitize_geos_geometry" "geos::geos_area" "vm_p_full_idx" 
"new_geos_geometry" "geos::geos_intersection" "sanitize_geos_geometry" "geos::geos_area" "vm_p_full_idx" 
"new_geos_geometry" "geos::geos_intersection" "sanitize_geos_geometry" "geos::geos_area" "vm_p_full_idx" 
"new_geos_geometry" "geos::geos_intersection" "sanitize_geos_geometry" "geos::geos_area" "vm_p_full_idx" 
"new_geos_geometry" "geos::geos_intersection" "sanitize_geos_geometry" "geos::geos_area" "vm_p_full_idx" 
"new_geos_geometry" "geos::geos_intersection" "sanitize_geos_geometry" "geos::geos_area" "vm_p_full_idx" 
"CPL_gdal_dimension" "st_dimension" "st_geos_binop" "st_intersects.sfc" "op" "lengths" "[.sfc" "[" "st_poly_sample" "st_sample.sfc" "st_sample" "st_sample.sf" "sf::st_sample" "sf::st_set_crs" "get_igp" "sanitize_geos_geometry" "geos::geos_buffer" "vm_p_full_idx" 
"CPL_gdal_dimension" "st_dimension" "st_geos_binop" "t" "st_geos_binop" "st_intersects.sfc" "op" "lengths" "[.sfc" "[" "st_poly_sample" "st_sample.sfc" "st_sample" "st_sample.sf" "sf::st_sample" "sf::st_set_crs" "get_igp" "sanitize_geos_geometry" "geos::geos_buffer" "vm_p_full_idx" 
"CPL_geos_binop" "st_geos_binop" "t" "st_geos_binop" "st_intersects.sfc" "op" "lengths" "[.sfc" "[" "st_poly_sample" "st_sample.sfc" "st_sample" "st_sample.sf" "sf::st_sample" "sf::st_set_crs" "get_igp" "sanitize_geos_geometry" "geos::geos_buffer" "vm_p_full_idx" 
"structure" "sgbp" "structure" "t.sgbp" "t" "st_geos_binop" "st_intersects.sfc" "op" "lengths" "[.sfc" "[" "st_poly_sample" "st_sample.sfc" "st_sample" "st_sample.sf" "sf::st_sample" "sf::st_set_crs" "get_igp" "sanitize_geos_geometry" "geos::geos_buffer" "vm_p_full_idx" 
"lengths" "[.sfc" "[" "st_poly_sample" "st_sample.sfc" "st_sample" "st_sample.sf" "sf::st_sample" "sf::st_set_crs" "get_igp" "sanitize_geos_geometry" "geos::geos_buffer" "vm_p_full_idx" 
"geos::geos_buffer" "vm_p_full_idx" 
"geos::geos_buffer" "vm_p_full_idx" 
"geos::geos_buffer" "vm_p_full_idx" 
"geos::geos_buffer" "vm_p_full_idx" 
"geos::geos_buffer" "vm_p_full_idx" 
"geos::geos_buffer" "vm_p_full_idx" 
"geos::geos_buffer" "vm_p_full_idx" 
"geos::geos_buffer" "vm_p_full_idx" 
"new_geos_geometry" "geos::geos_intersection" "sanitize_geos_geometry" "geos::geos_area" "vm_p_full_idx" 
"new_geos_geometry" "geos::geos_intersection" "sanitize_geos_geometry" "geos::geos_area" "vm_p_full_idx" 
"new_geos_geometry" "geos::geos_intersection" "sanitize_geos_geometry" "geos::geos_area" "vm_p_full_idx" 
"new_geos_geometry" "geos::geos_intersection" "sanitize_geos_geometry" "geos::geos_area" "vm_p_full_idx" 
"new_geos_geometry" "geos::geos_intersection" "sanitize_geos_geometry" "geos::geos_area" "vm_p_full_idx" 
"new_geos_geometry" "geos::geos_intersection" "sanitize_geos_geometry" "geos::geos_area" "vm_p_full_idx" 
"new_geos_geometry" "geos::geos_intersection" "sanitize_geos_geometry" "geos::geos_area" "vm_p_full_idx" 
"new_geos_geometry" "geos::geos_intersection" "sanitize_geos_geometry" "geos::geos_area" "vm_p_full_idx" 
"new_geos_geometry" "geos::geos_intersection" "sanitize_geos_geometry" "geos::geos_area" "vm_p_full_idx" 
"new_geos_geometry" "geos::geos_intersection" "sanitize_geos_geometry" "geos::geos_area" "vm_p_full_idx" 
"new_geos_geometry" "geos::geos_intersection" "sanitize_geos_geometry" "geos::geos_area" "vm_p_full_idx" 
"new_geos_geometry" "geos::geos_intersection" "sanitize_geos_geometry" "geos::geos_area" "vm_p_full_idx" 
"new_geos_geometry" "geos::geos_intersection" "sanitize_geos_geometry" "geos::geos_area" "vm_p_full_idx" 
"new_geos_geometry" "geos::geos_intersection" "sanitize_geos_geometry" "geos::geos_area" "vm_p_full_idx" 
"geos::geos_area" "vm_p_full_idx" 
"CPL_gdal_dimension" "st_dimension" "st_geos_binop" "t" "st_geos_binop" "st_intersects.sfc" "op" "lengths" "[.sfc" "[" "st_poly_sample" "st_sample.sfc" "st_sample" "st_sample.sf" "sf::st_sample" "sf::st_set_crs" "get_igp" "sanitize_geos_geometry" "geos::geos_buffer" "vm_p_full_idx" 
"CPL_transpose_sparse_incidence" "structure" "sgbp" "structure" "t.sgbp" "t" "st_geos_binop" "st_intersects.sfc" "op" "lengths" "[.sfc" "[" "st_poly_sample" "st_sample.sfc" "st_sample" "st_sample.sf" "sf::st_sample" "sf::st_set_crs" "get_igp" "sanitize_geos_geometry" "geos::geos_buffer" "vm_p_full_idx" 
"[[" "vapply" "st_geometry_type" "st_sample.sfc" "st_sample" "st_sample.sf" "sf::st_sample" "sf::st_set_crs" "get_igp" "sanitize_geos_geometry" "geos::geos_buffer" "vm_p_full_idx" 
"geos::geos_buffer" "vm_p_full_idx" 
"geos::geos_buffer" "vm_p_full_idx" 
"geos::geos_buffer" "vm_p_full_idx" 
"geos::geos_buffer" "vm_p_full_idx" 
"geos::geos_buffer" "vm_p_full_idx" 
"geos::geos_buffer" "vm_p_full_idx" 
"geos::geos_buffer" "vm_p_full_idx" 
"geos::geos_buffer" "vm_p_full_idx" 
"new_geos_geometry" "geos::geos_intersection" "sanitize_geos_geometry" "geos::geos_area" "vm_p_full_idx" 
"new_geos_geometry" "geos::geos_intersection" "sanitize_geos_geometry" "geos::geos_area" "vm_p_full_idx" 
"new_geos_geometry" "geos::geos_intersection" "sanitize_geos_geometry" "geos::geos_area" "vm_p_full_idx" 
"new_geos_geometry" "geos::geos_intersection" "sanitize_geos_geometry" "geos::geos_area" "vm_p_full_idx" 
"new_geos_geometry" "geos::geos_intersection" "sanitize_geos_geometry" "geos::geos_area" "vm_p_full_idx" 
"new_geos_geometry" "geos::geos_intersection" "sanitize_geos_geometry" "geos::geos_area" "vm_p_full_idx" 
"new_geos_geometry" "geos::geos_intersection" "sanitize_geos_geometry" "geos::geos_area" "vm_p_full_idx" 
"new_geos_geometry" "geos::geos_intersection" "sanitize_geos_geometry" "geos::geos_area" "vm_p_full_idx" 
"new_geos_geometry" "geos::geos_intersection" "sanitize_geos_geometry" "geos::geos_area" "vm_p_full_idx" 
"new_geos_geometry" "geos::geos_intersection" "sanitize_geos_geometry" "geos::geos_area" "vm_p_full_idx" 
"new_geos_geometry" "geos::geos_intersection" "sanitize_geos_geometry" "geos::geos_area" "vm_p_full_idx" 
"CPL_gdal_dimension" "st_dimension" "st_geos_binop" "st_intersects.sfc" "op" "lengths" "[.sfc" "[" "st_poly_sample" "st_sample.sfc" "st_sample" "st_sample.sf" "sf::st_sample" "sf::st_set_crs" "get_igp" "sanitize_geos_geometry" "geos::geos_buffer" "vm_p_full_idx" 
"CPL_geos_binop" "st_geos_binop" "t" "st_geos_binop" "st_intersects.sfc" "op" "lengths" "[.sfc" "[" "st_poly_sample" "st_sample.sfc" "st_sample" "st_sample.sf" "sf::st_sample" "sf::st_set_crs" "get_igp" "sanitize_geos_geometry" "geos::geos_buffer" "vm_p_full_idx" 
"lengths" "[.sfc" "[" "st_poly_sample" "st_sample.sfc" "st_sample" "st_sample.sf" "sf::st_sample" "sf::st_set_crs" "get_igp" "sanitize_geos_geometry" "geos::geos_buffer" "vm_p_full_idx" 
"all" "st_sample.sfc" "st_sample" "st_sample.sf" "sf::st_sample" "sf::st_set_crs" "get_igp" "sanitize_geos_geometry" "geos::geos_buffer" "vm_p_full_idx" 
"geos::geos_buffer" "vm_p_full_idx" 
"geos::geos_buffer" "vm_p_full_idx" 
"geos::geos_buffer" "vm_p_full_idx" 
"geos::geos_buffer" "vm_p_full_idx" 
"geos::geos_buffer" "vm_p_full_idx" 
"geos::geos_buffer" "vm_p_full_idx" 
"geos::geos_buffer" "vm_p_full_idx" 
"geos::geos_buffer" "vm_p_full_idx" 
"new_geos_geometry" "geos::geos_intersection" "sanitize_geos_geometry" "geos::geos_area" "vm_p_full_idx" 
"new_geos_geometry" "geos::geos_intersection" "sanitize_geos_geometry" "geos::geos_area" "vm_p_full_idx" 
"new_geos_geometry" "geos::geos_intersection" "sanitize_geos_geometry" "geos::geos_area" "vm_p_full_idx" 
"new_geos_geometry" "geos::geos_intersection" "sanitize_geos_geometry" "geos::geos_area" "vm_p_full_idx" 
"new_geos_geometry" "geos::geos_intersection" "sanitize_geos_geometry" "geos::geos_area" "vm_p_full_idx" 
"new_geos_geometry" "geos::geos_intersection" "sanitize_geos_geometry" "geos::geos_area" "vm_p_full_idx" 
"new_geos_geometry" "geos::geos_intersection" "sanitize_geos_geometry" "geos::geos_area" "vm_p_full_idx" 
"new_geos_geometry" "geos::geos_intersection" "sanitize_geos_geometry" "geos::geos_area" "vm_p_full_idx" 
"new_geos_geometry" "geos::geos_intersection" "sanitize_geos_geometry" "geos::geos_area" "vm_p_full_idx" 
"new_geos_geometry" "geos::geos_intersection" "sanitize_geos_geometry" "geos::geos_area" "vm_p_full_idx" 
"new_geos_geometry" "geos::geos_intersection" "sanitize_geos_geometry" "geos::geos_area" "vm_p_full_idx" 
"CPL_gdal_dimension" "st_dimension" "st_geos_binop" "st_intersects.sfc" "op" "lengths" "[.sfc" "[" "st_poly_sample" "st_sample.sfc" "st_sample" "st_sample.sf" "sf::st_sample" "sf::st_set_crs" "get_igp" "sanitize_geos_geometry" "geos::geos_buffer" "vm_p_full_idx" 
"CPL_geos_binop" "st_geos_binop" "t" "st_geos_binop" "st_intersects.sfc" "op" "lengths" "[.sfc" "[" "st_poly_sample" "st_sample.sfc" "st_sample" "st_sample.sf" "sf::st_sample" "sf::st_set_crs" "get_igp" "sanitize_geos_geometry" "geos::geos_buffer" "vm_p_full_idx" 
"vapply" "st_geometry_type" "st_sample.sfc" "st_sample" "st_sample.sf" "sf::st_sample" "sf::st_set_crs" "get_igp" "sanitize_geos_geometry" "geos::geos_buffer" "vm_p_full_idx" 
"geos::geos_buffer" "vm_p_full_idx" 
"geos::geos_buffer" "vm_p_full_idx" 
"geos::geos_buffer" "vm_p_full_idx" 
"geos::geos_buffer" "vm_p_full_idx" 
"geos::geos_buffer" "vm_p_full_idx" 
"geos::geos_buffer" "vm_p_full_idx" 
"geos::geos_buffer" "vm_p_full_idx" 
"geos::geos_buffer" "vm_p_full_idx" 
"new_geos_geometry" "geos::geos_intersection" "sanitize_geos_geometry" "geos::geos_area" "vm_p_full_idx" 
"new_geos_geometry" "geos::geos_intersection" "sanitize_geos_geometry" "geos::geos_area" "vm_p_full_idx" 
"new_geos_geometry" "geos::geos_intersection" "sanitize_geos_geometry" "geos::geos_area" "vm_p_full_idx" 
"new_geos_geometry" "geos::geos_intersection" "sanitize_geos_geometry" "geos::geos_area" "vm_p_full_idx" 
"new_geos_geometry" "geos::geos_intersection" "sanitize_geos_geometry" "geos::geos_area" "vm_p_full_idx" 
"new_geos_geometry" "geos::geos_intersection" "sanitize_geos_geometry" "geos::geos_area" "vm_p_full_idx" 
"new_geos_geometry" "geos::geos_intersection" "sanitize_geos_geometry" "geos::geos_area" "vm_p_full_idx" 
"new_geos_geometry" "geos::geos_intersection" "sanitize_geos_geometry" "geos::geos_area" "vm_p_full_idx" 
"new_geos_geometry" "geos::geos_intersection" "sanitize_geos_geometry" "geos::geos_area" "vm_p_full_idx" 
"new_geos_geometry" "geos::geos_intersection" "sanitize_geos_geometry" "geos::geos_area" "vm_p_full_idx" 
"new_geos_geometry" "geos::geos_intersection" "sanitize_geos_geometry" "geos::geos_area" "vm_p_full_idx" 
"new_geos_geometry" "geos::geos_intersection" "sanitize_geos_geometry" "geos::geos_area" "vm_p_full_idx" 
"CPL_gdal_dimension" "st_dimension" "st_geos_binop" "st_intersects.sfc" "op" "lengths" "[.sfc" "[" "st_poly_sample" "st_sample.sfc" "st_sample" "st_sample.sf" "sf::st_sample" "sf::st_set_crs" "get_igp" "sanitize_geos_geometry" "geos::geos_buffer" "vm_p_full_idx" 
"CPL_geos_binop" "st_geos_binop" "t" "st_geos_binop" "st_intersects.sfc" "op" "lengths" "[.sfc" "[" "st_poly_sample" "st_sample.sfc" "st_sample" "st_sample.sf" "sf::st_sample" "sf::st_set_crs" "get_igp" "sanitize_geos_geometry" "geos::geos_buffer" "vm_p_full_idx" 
"sfc_unique_sfg_dims_and_types" "st_sfc" "[.sfc" "[" "st_poly_sample" "st_sample.sfc" "st_sample" "st_sample.sf" "sf::st_sample" "sf::st_set_crs" "get_igp" "sanitize_geos_geometry" "geos::geos_buffer" "vm_p_full_idx" 
"FUN" "vapply" "st_geometry_type" "st_sample.sfc" "st_sample" "st_sample.sf" "sf::st_sample" "sf::st_set_crs" "get_igp" "sanitize_geos_geometry" "geos::geos_buffer" "vm_p_full_idx" 
"FUN" "vapply" "st_geometry_type" "st_sample.sfc" "st_sample" "st_sample.sf" "sf::st_sample" "sf::st_set_crs" "get_igp" "sanitize_geos_geometry" "geos::geos_buffer" "vm_p_full_idx" 
"geos::geos_buffer" "vm_p_full_idx" 
"geos::geos_buffer" "vm_p_full_idx" 
"geos::geos_buffer" "vm_p_full_idx" 
"geos::geos_buffer" "vm_p_full_idx" 
"geos::geos_buffer" "vm_p_full_idx" 
"geos::geos_buffer" "vm_p_full_idx" 
"geos::geos_buffer" "vm_p_full_idx" 
"geos::geos_buffer" "vm_p_full_idx" 
"new_geos_geometry" "geos::geos_intersection" "sanitize_geos_geometry" "geos::geos_area" "vm_p_full_idx" 
"new_geos_geometry" "geos::geos_intersection" "sanitize_geos_geometry" "geos::geos_area" "vm_p_full_idx" 
"new_geos_geometry" "geos::geos_intersection" "sanitize_geos_geometry" "geos::geos_area" "vm_p_full_idx" 
"new_geos_geometry" "geos::geos_intersection" "sanitize_geos_geometry" "geos::geos_area" "vm_p_full_idx" 
"new_geos_geometry" "geos::geos_intersection" "sanitize_geos_geometry" "geos::geos_area" "vm_p_full_idx" 
"new_geos_geometry" "geos::geos_intersection" "sanitize_geos_geometry" "geos::geos_area" "vm_p_full_idx" 
"new_geos_geometry" "geos::geos_intersection" "sanitize_geos_geometry" "geos::geos_area" "vm_p_full_idx" 
"new_geos_geometry" "geos::geos_intersection" "sanitize_geos_geometry" "geos::geos_area" "vm_p_full_idx" 
"new_geos_geometry" "geos::geos_intersection" "sanitize_geos_geometry" "geos::geos_area" "vm_p_full_idx" 
"new_geos_geometry" "geos::geos_intersection" "sanitize_geos_geometry" "geos::geos_area" "vm_p_full_idx" 
"CPL_gdal_dimension" "st_dimension" "st_geos_binop" "st_intersects.sfc" "op" "lengths" "[.sfc" "[" "st_poly_sample" "st_sample.sfc" "st_sample" "st_sample.sf" "sf::st_sample" "sf::st_set_crs" "get_igp" "sanitize_geos_geometry" "geos::geos_buffer" "vm_p_full_idx" 
"CPL_geos_binop" "st_geos_binop" "t" "st_geos_binop" "st_intersects.sfc" "op" "lengths" "[.sfc" "[" "st_poly_sample" "st_sample.sfc" "st_sample" "st_sample.sf" "sf::st_sample" "sf::st_set_crs" "get_igp" "sanitize_geos_geometry" "geos::geos_buffer" "vm_p_full_idx" 
"vapply" "st_geometry_type" "st_sample.sfc" "st_sample" "st_sample.sf" "sf::st_sample" "sf::st_set_crs" "get_igp" "sanitize_geos_geometry" "geos::geos_buffer" "vm_p_full_idx" 
"geos::geos_buffer" "vm_p_full_idx" 
"geos::geos_buffer" "vm_p_full_idx" 
"geos::geos_buffer" "vm_p_full_idx" 
"geos::geos_buffer" "vm_p_full_idx" 
"geos::geos_buffer" "vm_p_full_idx" 
"geos::geos_buffer" "vm_p_full_idx" 
"geos::geos_buffer" "vm_p_full_idx" 
"geos::geos_buffer" "vm_p_full_idx" 
"new_geos_geometry" "geos::geos_intersection" "sanitize_geos_geometry" "geos::geos_area" "vm_p_full_idx" 
"new_geos_geometry" "geos::geos_intersection" "sanitize_geos_geometry" "geos::geos_area" "vm_p_full_idx" 
"new_geos_geometry" "geos::geos_intersection" "sanitize_geos_geometry" "geos::geos_area" "vm_p_full_idx" 
"new_geos_geometry" "geos::geos_intersection" "sanitize_geos_geometry" "geos::geos_area" "vm_p_full_idx" 
"new_geos_geometry" "geos::geos_intersection" "sanitize_geos_geometry" "geos::geos_area" "vm_p_full_idx" 
"new_geos_geometry" "geos::geos_intersection" "sanitize_geos_geometry" "geos::geos_area" "vm_p_full_idx" 
"new_geos_geometry" "geos::geos_intersection" "sanitize_geos_geometry" "geos::geos_area" "vm_p_full_idx" 
"new_geos_geometry" "geos::geos_intersection" "sanitize_geos_geometry" "geos::geos_area" "vm_p_full_idx" 
"new_geos_geometry" "geos::geos_intersection" "sanitize_geos_geometry" "geos::geos_area" "vm_p_full_idx" 
"new_geos_geometry" "geos::geos_intersection" "sanitize_geos_geometry" "geos::geos_area" "vm_p_full_idx" 
"cat" "pb$up" "setTxtProgressBar" "vm_p_full_idx" 
"CPL_gdal_dimension" "st_dimension" "st_geos_binop" "t" "st_geos_binop" "st_intersects.sfc" "op" "lengths" "[.sfc" "[" "st_poly_sample" "st_sample.sfc" "st_sample" "st_sample.sf" "sf::st_sample" "sf::st_set_crs" "get_igp" "sanitize_geos_geometry" "geos::geos_buffer" "vm_p_full_idx" 
"CPL_geos_binop" "st_geos_binop" "t" "st_geos_binop" "st_intersects.sfc" "op" "lengths" "[.sfc" "[" "st_poly_sample" "st_sample.sfc" "st_sample" "st_sample.sf" "sf::st_sample" "sf::st_set_crs" "get_igp" "sanitize_geos_geometry" "geos::geos_buffer" "vm_p_full_idx" 
"FUN" "vapply" "st_geometry_type" "st_sample.sfc" "st_sample" "st_sample.sf" "sf::st_sample" "sf::st_set_crs" "get_igp" "sanitize_geos_geometry" "geos::geos_buffer" "vm_p_full_idx" 
"geos::geos_buffer" "vm_p_full_idx" 
"geos::geos_buffer" "vm_p_full_idx" 
"geos::geos_buffer" "vm_p_full_idx" 
"geos::geos_buffer" "vm_p_full_idx" 
"geos::geos_buffer" "vm_p_full_idx" 
"geos::geos_buffer" "vm_p_full_idx" 
"geos::geos_buffer" "vm_p_full_idx" 
"geos::geos_buffer" "vm_p_full_idx" 
"geos::geos_buffer" "vm_p_full_idx" 
"new_geos_geometry" "geos::geos_intersection" "sanitize_geos_geometry" "geos::geos_area" "vm_p_full_idx" 
"new_geos_geometry" "geos::geos_intersection" "sanitize_geos_geometry" "geos::geos_area" "vm_p_full_idx" 
"new_geos_geometry" "geos::geos_intersection" "sanitize_geos_geometry" "geos::geos_area" "vm_p_full_idx" 
"new_geos_geometry" "geos::geos_intersection" "sanitize_geos_geometry" "geos::geos_area" "vm_p_full_idx" 
"new_geos_geometry" "geos::geos_intersection" "sanitize_geos_geometry" "geos::geos_area" "vm_p_full_idx" 
"new_geos_geometry" "geos::geos_intersection" "sanitize_geos_geometry" "geos::geos_area" "vm_p_full_idx" 
"new_geos_geometry" "geos::geos_intersection" "sanitize_geos_geometry" "geos::geos_area" "vm_p_full_idx" 
"new_geos_geometry" "geos::geos_intersection" "sanitize_geos_geometry" "geos::geos_area" "vm_p_full_idx" 
"new_geos_geometry" "geos::geos_intersection" "sanitize_geos_geometry" "geos::geos_area" "vm_p_full_idx" 
"new_geos_geometry" "geos::geos_intersection" "sanitize_geos_geometry" "geos::geos_area" "vm_p_full_idx" 
"new_geos_geometry" "geos::geos_intersection" "sanitize_geos_geometry" "geos::geos_area" "vm_p_full_idx" 
"CPL_gdal_dimension" "st_dimension" "st_geos_binop" "st_intersects.sfc" "op" "lengths" "[.sfc" "[" "st_poly_sample" "st_sample.sfc" "st_sample" "st_sample.sf" "sf::st_sample" "sf::st_set_crs" "get_igp" "sanitize_geos_geometry" "geos::geos_buffer" "vm_p_full_idx" 
"CPL_gdal_dimension" "st_dimension" "st_geos_binop" "t" "st_geos_binop" "st_intersects.sfc" "op" "lengths" "[.sfc" "[" "st_poly_sample" "st_sample.sfc" "st_sample" "st_sample.sf" "sf::st_sample" "sf::st_set_crs" "get_igp" "sanitize_geos_geometry" "geos::geos_buffer" "vm_p_full_idx" 
"CPL_geos_binop" "st_geos_binop" "t" "st_geos_binop" "st_intersects.sfc" "op" "lengths" "[.sfc" "[" "st_poly_sample" "st_sample.sfc" "st_sample" "st_sample.sf" "sf::st_sample" "sf::st_set_crs" "get_igp" "sanitize_geos_geometry" "geos::geos_buffer" "vm_p_full_idx" 
"lengths" "[.sfc" "[" "st_poly_sample" "st_sample.sfc" "st_sample" "st_sample.sf" "sf::st_sample" "sf::st_set_crs" "get_igp" "sanitize_geos_geometry" "geos::geos_buffer" "vm_p_full_idx" 
"FUN" "vapply" "st_geometry_type" "st_sample.sfc" "st_sample" "st_sample.sf" "sf::st_sample" "sf::st_set_crs" "get_igp" "sanitize_geos_geometry" "geos::geos_buffer" "vm_p_full_idx" 
"geos::geos_buffer" "vm_p_full_idx" 
"geos::geos_buffer" "vm_p_full_idx" 
"geos::geos_buffer" "vm_p_full_idx" 
"geos::geos_buffer" "vm_p_full_idx" 
"geos::geos_buffer" "vm_p_full_idx" 
"geos::geos_buffer" "vm_p_full_idx" 
"geos::geos_buffer" "vm_p_full_idx" 
"geos::geos_buffer" "vm_p_full_idx" 
"new_geos_geometry" "geos::geos_intersection" "sanitize_geos_geometry" "geos::geos_area" "vm_p_full_idx" 
"new_geos_geometry" "geos::geos_intersection" "sanitize_geos_geometry" "geos::geos_area" "vm_p_full_idx" 
"new_geos_geometry" "geos::geos_intersection" "sanitize_geos_geometry" "geos::geos_area" "vm_p_full_idx" 
"new_geos_geometry" "geos::geos_intersection" "sanitize_geos_geometry" "geos::geos_area" "vm_p_full_idx" 
"new_geos_geometry" "geos::geos_intersection" "sanitize_geos_geometry" "geos::geos_area" "vm_p_full_idx" 
"new_geos_geometry" "geos::geos_intersection" "sanitize_geos_geometry" "geos::geos_area" "vm_p_full_idx" 
"new_geos_geometry" "geos::geos_intersection" "sanitize_geos_geometry" "geos::geos_area" "vm_p_full_idx" 
"new_geos_geometry" "geos::geos_intersection" "sanitize_geos_geometry" "geos::geos_area" "vm_p_full_idx" 
"new_geos_geometry" "geos::geos_intersection" "sanitize_geos_geometry" "geos::geos_area" "vm_p_full_idx" 
"new_geos_geometry" "geos::geos_intersection" "sanitize_geos_geometry" "geos::geos_area" "vm_p_full_idx" 
"cat" "pb$up" "setTxtProgressBar" "vm_p_full_idx" 
"CPL_gdal_dimension" "st_dimension" "st_geos_binop" "t" "st_geos_binop" "st_intersects.sfc" "op" "lengths" "[.sfc" "[" "st_poly_sample" "st_sample.sfc" "st_sample" "st_sample.sf" "sf::st_sample" "sf::st_set_crs" "get_igp" "sanitize_geos_geometry" "geos::geos_buffer" "vm_p_full_idx" 
"CPL_geos_binop" "st_geos_binop" "t" "st_geos_binop" "st_intersects.sfc" "op" "lengths" "[.sfc" "[" "st_poly_sample" "st_sample.sfc" "st_sample" "st_sample.sf" "sf::st_sample" "sf::st_set_crs" "get_igp" "sanitize_geos_geometry" "geos::geos_buffer" "vm_p_full_idx" 
"[[" "vapply" "st_geometry_type" "st_sample.sfc" "st_sample" "st_sample.sf" "sf::st_sample" "sf::st_set_crs" "get_igp" "sanitize_geos_geometry" "geos::geos_buffer" "vm_p_full_idx" 
"geos::geos_buffer" "vm_p_full_idx" 
"geos::geos_buffer" "vm_p_full_idx" 
"geos::geos_buffer" "vm_p_full_idx" 
"geos::geos_buffer" "vm_p_full_idx" 
"geos::geos_buffer" "vm_p_full_idx" 
"geos::geos_buffer" "vm_p_full_idx" 
"geos::geos_buffer" "vm_p_full_idx" 
"geos::geos_buffer" "vm_p_full_idx" 
"geos::geos_buffer" "vm_p_full_idx" 
"new_geos_geometry" "geos::geos_intersection" "sanitize_geos_geometry" "geos::geos_area" "vm_p_full_idx" 
"new_geos_geometry" "geos::geos_intersection" "sanitize_geos_geometry" "geos::geos_area" "vm_p_full_idx" 
"new_geos_geometry" "geos::geos_intersection" "sanitize_geos_geometry" "geos::geos_area" "vm_p_full_idx" 
"new_geos_geometry" "geos::geos_intersection" "sanitize_geos_geometry" "geos::geos_area" "vm_p_full_idx" 
"new_geos_geometry" "geos::geos_intersection" "sanitize_geos_geometry" "geos::geos_area" "vm_p_full_idx" 
"new_geos_geometry" "geos::geos_intersection" "sanitize_geos_geometry" "geos::geos_area" "vm_p_full_idx" 
"new_geos_geometry" "geos::geos_intersection" "sanitize_geos_geometry" "geos::geos_area" "vm_p_full_idx" 
"new_geos_geometry" "geos::geos_intersection" "sanitize_geos_geometry" "geos::geos_area" "vm_p_full_idx" 
"new_geos_geometry" "geos::geos_intersection" "sanitize_geos_geometry" "geos::geos_area" "vm_p_full_idx" 
"Reduce" "wk_crs_output" "structure" "new_geos_geometry" "geos::geos_intersection" "sanitize_geos_geometry" "geos::geos_area" "vm_p_full_idx" 
"CPL_gdal_dimension" "st_dimension" "st_geos_binop" "st_intersects.sfc" "op" "lengths" "[.sfc" "[" "st_poly_sample" "st_sample.sfc" "st_sample" "st_sample.sf" "sf::st_sample" "sf::st_set_crs" "get_igp" "sanitize_geos_geometry" "geos::geos_buffer" "vm_p_full_idx" 
"CPL_geos_binop" "st_geos_binop" "t" "st_geos_binop" "st_intersects.sfc" "op" "lengths" "[.sfc" "[" "st_poly_sample" "st_sample.sfc" "st_sample" "st_sample.sf" "sf::st_sample" "sf::st_set_crs" "get_igp" "sanitize_geos_geometry" "geos::geos_buffer" "vm_p_full_idx" 
"lengths" "lengths" "[.sfc" "[" "st_poly_sample" "st_sample.sfc" "st_sample" "st_sample.sf" "sf::st_sample" "sf::st_set_crs" "get_igp" "sanitize_geos_geometry" "geos::geos_buffer" "vm_p_full_idx" 
"vapply" "st_geometry_type" "st_sample.sfc" "st_sample" "st_sample.sf" "sf::st_sample" "sf::st_set_crs" "get_igp" "sanitize_geos_geometry" "geos::geos_buffer" "vm_p_full_idx" 
"geos::geos_buffer" "vm_p_full_idx" 
"geos::geos_buffer" "vm_p_full_idx" 
"geos::geos_buffer" "vm_p_full_idx" 
"geos::geos_buffer" "vm_p_full_idx" 
"geos::geos_buffer" "vm_p_full_idx" 
"geos::geos_buffer" "vm_p_full_idx" 
"geos::geos_buffer" "vm_p_full_idx" 
"geos::geos_buffer" "vm_p_full_idx" 
"new_geos_geometry" "geos::geos_intersection" "sanitize_geos_geometry" "geos::geos_area" "vm_p_full_idx" 
"new_geos_geometry" "geos::geos_intersection" "sanitize_geos_geometry" "geos::geos_area" "vm_p_full_idx" 
"new_geos_geometry" "geos::geos_intersection" "sanitize_geos_geometry" "geos::geos_area" "vm_p_full_idx" 
"new_geos_geometry" "geos::geos_intersection" "sanitize_geos_geometry" "geos::geos_area" "vm_p_full_idx" 
"new_geos_geometry" "geos::geos_intersection" "sanitize_geos_geometry" "geos::geos_area" "vm_p_full_idx" 
"new_geos_geometry" "geos::geos_intersection" "sanitize_geos_geometry" "geos::geos_area" "vm_p_full_idx" 
"new_geos_geometry" "geos::geos_intersection" "sanitize_geos_geometry" "geos::geos_area" "vm_p_full_idx" 
"new_geos_geometry" "geos::geos_intersection" "sanitize_geos_geometry" "geos::geos_area" "vm_p_full_idx" 
"new_geos_geometry" "geos::geos_intersection" "sanitize_geos_geometry" "geos::geos_area" "vm_p_full_idx" 
"new_geos_geometry" "geos::geos_intersection" "sanitize_geos_geometry" "geos::geos_area" "vm_p_full_idx" 
"points_cpp" "points_rcpp" "structure" "st_as_sf.data.frame" "st_as_sf" "st_geometry" "st_make_grid" "st_poly_sample" "st_sample.sfc" "st_sample" "st_sample.sf" "sf::st_sample" "sf::st_set_crs" "get_igp" "sanitize_geos_geometry" "geos::geos_buffer" "vm_p_full_idx" 
"CPL_gdal_dimension" "st_dimension" "st_geos_binop" "t" "st_geos_binop" "st_intersects.sfc" "op" "lengths" "[.sfc" "[" "st_poly_sample" "st_sample.sfc" "st_sample" "st_sample.sf" "sf::st_sample" "sf::st_set_crs" "get_igp" "sanitize_geos_geometry" "geos::geos_buffer" "vm_p_full_idx" 
"CPL_geos_binop" "st_geos_binop" "t" "st_geos_binop" "st_intersects.sfc" "op" "lengths" "[.sfc" "[" "st_poly_sample" "st_sample.sfc" "st_sample" "st_sample.sf" "sf::st_sample" "sf::st_set_crs" "get_igp" "sanitize_geos_geometry" "geos::geos_buffer" "vm_p_full_idx" 
"lengths" "lengths" "[.sfc" "[" "st_poly_sample" "st_sample.sfc" "st_sample" "st_sample.sf" "sf::st_sample" "sf::st_set_crs" "get_igp" "sanitize_geos_geometry" "geos::geos_buffer" "vm_p_full_idx" 
"FUN" "vapply" "st_geometry_type" "st_sample.sfc" "st_sample" "st_sample.sf" "sf::st_sample" "sf::st_set_crs" "get_igp" "sanitize_geos_geometry" "geos::geos_buffer" "vm_p_full_idx" 
"geos::geos_buffer" "vm_p_full_idx" 
"geos::geos_buffer" "vm_p_full_idx" 
"geos::geos_buffer" "vm_p_full_idx" 
"geos::geos_buffer" "vm_p_full_idx" 
"geos::geos_buffer" "vm_p_full_idx" 
"geos::geos_buffer" "vm_p_full_idx" 
"geos::geos_buffer" "vm_p_full_idx" 
"geos::geos_buffer" "vm_p_full_idx" 
"new_geos_geometry" "geos::geos_intersection" "sanitize_geos_geometry" "geos::geos_area" "vm_p_full_idx" 
"new_geos_geometry" "geos::geos_intersection" "sanitize_geos_geometry" "geos::geos_area" "vm_p_full_idx" 
"new_geos_geometry" "geos::geos_intersection" "sanitize_geos_geometry" "geos::geos_area" "vm_p_full_idx" 
"new_geos_geometry" "geos::geos_intersection" "sanitize_geos_geometry" "geos::geos_area" "vm_p_full_idx" 
"new_geos_geometry" "geos::geos_intersection" "sanitize_geos_geometry" "geos::geos_area" "vm_p_full_idx" 
"new_geos_geometry" "geos::geos_intersection" "sanitize_geos_geometry" "geos::geos_area" "vm_p_full_idx" 
"new_geos_geometry" "geos::geos_intersection" "sanitize_geos_geometry" "geos::geos_area" "vm_p_full_idx" 
"new_geos_geometry" "geos::geos_intersection" "sanitize_geos_geometry" "geos::geos_area" "vm_p_full_idx" 
"new_geos_geometry" "geos::geos_intersection" "sanitize_geos_geometry" "geos::geos_area" "vm_p_full_idx" 
"new_geos_geometry" "geos::geos_intersection" "sanitize_geos_geometry" "geos::geos_area" "vm_p_full_idx" 
"new_geos_geometry" "geos::geos_intersection" "sanitize_geos_geometry" "geos::geos_area" "vm_p_full_idx" 
"[[<-" "st_crs<-.sf" "st_crs<-" "st_sf" "st_as_sf.data.frame" "st_as_sf" "st_geometry" "st_make_grid" "st_poly_sample" "st_sample.sfc" "st_sample" "st_sample.sf" "sf::st_sample" "sf::st_set_crs" "get_igp" "sanitize_geos_geometry" "geos::geos_buffer" "vm_p_full_idx" 
"CPL_gdal_dimension" "st_dimension" "st_geos_binop" "t" "st_geos_binop" "st_intersects.sfc" "op" "lengths" "[.sfc" "[" "st_poly_sample" "st_sample.sfc" "st_sample" "st_sample.sf" "sf::st_sample" "sf::st_set_crs" "get_igp" "sanitize_geos_geometry" "geos::geos_buffer" "vm_p_full_idx" 
"CPL_geos_binop" "st_geos_binop" "t" "st_geos_binop" "st_intersects.sfc" "op" "lengths" "[.sfc" "[" "st_poly_sample" "st_sample.sfc" "st_sample" "st_sample.sf" "sf::st_sample" "sf::st_set_crs" "get_igp" "sanitize_geos_geometry" "geos::geos_buffer" "vm_p_full_idx" 
"lengths" "[.sfc" "[" "st_poly_sample" "st_sample.sfc" "st_sample" "st_sample.sf" "sf::st_sample" "sf::st_set_crs" "get_igp" "sanitize_geos_geometry" "geos::geos_buffer" "vm_p_full_idx" 
"lengths" "[.sfc" "[" "st_poly_sample" "st_sample.sfc" "st_sample" "st_sample.sf" "sf::st_sample" "sf::st_set_crs" "get_igp" "sanitize_geos_geometry" "geos::geos_buffer" "vm_p_full_idx" 
"lengths" "[.sfc" "[" "st_poly_sample" "st_sample.sfc" "st_sample" "st_sample.sf" "sf::st_sample" "sf::st_set_crs" "get_igp" "sanitize_geos_geometry" "geos::geos_buffer" "vm_p_full_idx" 
"lengths" "lengths" "[.sfc" "[" "st_poly_sample" "st_sample.sfc" "st_sample" "st_sample.sf" "sf::st_sample" "sf::st_set_crs" "get_igp" "sanitize_geos_geometry" "geos::geos_buffer" "vm_p_full_idx" 
"FUN" "vapply" "st_geometry_type" "st_sample.sfc" "st_sample" "st_sample.sf" "sf::st_sample" "sf::st_set_crs" "get_igp" "sanitize_geos_geometry" "geos::geos_buffer" "vm_p_full_idx" 
"geos::geos_buffer" "vm_p_full_idx" 
"geos::geos_buffer" "vm_p_full_idx" 
"geos::geos_buffer" "vm_p_full_idx" 
"geos::geos_buffer" "vm_p_full_idx" 
"geos::geos_buffer" "vm_p_full_idx" 
"geos::geos_buffer" "vm_p_full_idx" 
"geos::geos_buffer" "vm_p_full_idx" 
"geos::geos_buffer" "vm_p_full_idx" 
"new_geos_geometry" "geos::geos_intersection" "sanitize_geos_geometry" "geos::geos_area" "vm_p_full_idx" 
"new_geos_geometry" "geos::geos_intersection" "sanitize_geos_geometry" "geos::geos_area" "vm_p_full_idx" 
"new_geos_geometry" "geos::geos_intersection" "sanitize_geos_geometry" "geos::geos_area" "vm_p_full_idx" 
"new_geos_geometry" "geos::geos_intersection" "sanitize_geos_geometry" "geos::geos_area" "vm_p_full_idx" 
"new_geos_geometry" "geos::geos_intersection" "sanitize_geos_geometry" "geos::geos_area" "vm_p_full_idx" 
"new_geos_geometry" "geos::geos_intersection" "sanitize_geos_geometry" "geos::geos_area" "vm_p_full_idx" 
"new_geos_geometry" "geos::geos_intersection" "sanitize_geos_geometry" "geos::geos_area" "vm_p_full_idx" 
"new_geos_geometry" "geos::geos_intersection" "sanitize_geos_geometry" "geos::geos_area" "vm_p_full_idx" 
"new_geos_geometry" "geos::geos_intersection" "sanitize_geos_geometry" "geos::geos_area" "vm_p_full_idx" 
"new_geos_geometry" "geos::geos_intersection" "sanitize_geos_geometry" "geos::geos_area" "vm_p_full_idx" 
"points_cpp" "points_rcpp" "structure" "st_as_sf.data.frame" "st_as_sf" "st_geometry" "st_make_grid" "st_poly_sample" "st_sample.sfc" "st_sample" "st_sample.sf" "sf::st_sample" "sf::st_set_crs" "get_igp" "sanitize_geos_geometry" "geos::geos_buffer" "vm_p_full_idx" 
"CPL_gdal_dimension" "st_dimension" "st_geos_binop" "t" "st_geos_binop" "st_intersects.sfc" "op" "lengths" "[.sfc" "[" "st_poly_sample" "st_sample.sfc" "st_sample" "st_sample.sf" "sf::st_sample" "sf::st_set_crs" "get_igp" "sanitize_geos_geometry" "geos::geos_buffer" "vm_p_full_idx" 
"CPL_geos_binop" "st_geos_binop" "t" "st_geos_binop" "st_intersects.sfc" "op" "lengths" "[.sfc" "[" "st_poly_sample" "st_sample.sfc" "st_sample" "st_sample.sf" "sf::st_sample" "sf::st_set_crs" "get_igp" "sanitize_geos_geometry" "geos::geos_buffer" "vm_p_full_idx" 
"lengths" "[.sfc" "[" "st_poly_sample" "st_sample.sfc" "st_sample" "st_sample.sf" "sf::st_sample" "sf::st_set_crs" "get_igp" "sanitize_geos_geometry" "geos::geos_buffer" "vm_p_full_idx" 
"class" "FUN" "vapply" "st_geometry_type" "st_sample.sfc" "st_sample" "st_sample.sf" "sf::st_sample" "sf::st_set_crs" "get_igp" "sanitize_geos_geometry" "geos::geos_buffer" "vm_p_full_idx" 
"geos::geos_buffer" "vm_p_full_idx" 
"geos::geos_buffer" "vm_p_full_idx" 
"geos::geos_buffer" "vm_p_full_idx" 
"geos::geos_buffer" "vm_p_full_idx" 
"geos::geos_buffer" "vm_p_full_idx" 
"geos::geos_buffer" "vm_p_full_idx" 
"geos::geos_buffer" "vm_p_full_idx" 
"geos::geos_buffer" "vm_p_full_idx" 
"new_geos_geometry" "geos::geos_intersection" "sanitize_geos_geometry" "geos::geos_area" "vm_p_full_idx" 
"new_geos_geometry" "geos::geos_intersection" "sanitize_geos_geometry" "geos::geos_area" "vm_p_full_idx" 
"new_geos_geometry" "geos::geos_intersection" "sanitize_geos_geometry" "geos::geos_area" "vm_p_full_idx" 
"new_geos_geometry" "geos::geos_intersection" "sanitize_geos_geometry" "geos::geos_area" "vm_p_full_idx" 
"new_geos_geometry" "geos::geos_intersection" "sanitize_geos_geometry" "geos::geos_area" "vm_p_full_idx" 
"new_geos_geometry" "geos::geos_intersection" "sanitize_geos_geometry" "geos::geos_area" "vm_p_full_idx" 
"new_geos_geometry" "geos::geos_intersection" "sanitize_geos_geometry" "geos::geos_area" "vm_p_full_idx" 
"new_geos_geometry" "geos::geos_intersection" "sanitize_geos_geometry" "geos::geos_area" "vm_p_full_idx" 
"new_geos_geometry" "geos::geos_intersection" "sanitize_geos_geometry" "geos::geos_area" "vm_p_full_idx" 
"new_geos_geometry" "geos::geos_intersection" "sanitize_geos_geometry" "geos::geos_area" "vm_p_full_idx" 
"new_geos_geometry" "geos::geos_intersection" "sanitize_geos_geometry" "geos::geos_area" "vm_p_full_idx" 
"cat" "pb$up" "setTxtProgressBar" "vm_p_full_idx" 
"CPL_gdal_dimension" "st_dimension" "st_geos_binop" "t" "st_geos_binop" "st_intersects.sfc" "op" "lengths" "[.sfc" "[" "st_poly_sample" "st_sample.sfc" "st_sample" "st_sample.sf" "sf::st_sample" "sf::st_set_crs" "get_igp" "sanitize_geos_geometry" "geos::geos_buffer" "vm_p_full_idx" 
"lengths" "[.sfc" "[" "st_poly_sample" "st_sample.sfc" "st_sample" "st_sample.sf" "sf::st_sample" "sf::st_set_crs" "get_igp" "sanitize_geos_geometry" "geos::geos_buffer" "vm_p_full_idx" 
"wk_handle.sfc" "wk_handle" "wk_translate.default" "wk::wk_translate" "as_geos_geometry.default" "as_geos_geometry" "sanitize_geos_geometry" "geos::geos_buffer" "vm_p_full_idx" 
"geos::geos_buffer" "vm_p_full_idx" 
"geos::geos_buffer" "vm_p_full_idx" 
"geos::geos_buffer" "vm_p_full_idx" 
"geos::geos_buffer" "vm_p_full_idx" 
"geos::geos_buffer" "vm_p_full_idx" 
"geos::geos_buffer" "vm_p_full_idx" 
"geos::geos_buffer" "vm_p_full_idx" 
"geos::geos_buffer" "vm_p_full_idx" 
"new_geos_geometry" "geos::geos_intersection" "sanitize_geos_geometry" "geos::geos_area" "vm_p_full_idx" 
"new_geos_geometry" "geos::geos_intersection" "sanitize_geos_geometry" "geos::geos_area" "vm_p_full_idx" 
"new_geos_geometry" "geos::geos_intersection" "sanitize_geos_geometry" "geos::geos_area" "vm_p_full_idx" 
"new_geos_geometry" "geos::geos_intersection" "sanitize_geos_geometry" "geos::geos_area" "vm_p_full_idx" 
"new_geos_geometry" "geos::geos_intersection" "sanitize_geos_geometry" "geos::geos_area" "vm_p_full_idx" 
"new_geos_geometry" "geos::geos_intersection" "sanitize_geos_geometry" "geos::geos_area" "vm_p_full_idx" 
"new_geos_geometry" "geos::geos_intersection" "sanitize_geos_geometry" "geos::geos_area" "vm_p_full_idx" 
"new_geos_geometry" "geos::geos_intersection" "sanitize_geos_geometry" "geos::geos_area" "vm_p_full_idx" 
"new_geos_geometry" "geos::geos_intersection" "sanitize_geos_geometry" "geos::geos_area" "vm_p_full_idx" 
"geos::geos_area" "vm_p_full_idx" 
"CPL_gdal_dimension" "st_dimension" "st_geos_binop" "st_intersects.sfc" "op" "lengths" "[.sfc" "[" "st_poly_sample" "st_sample.sfc" "st_sample" "st_sample.sf" "sf::st_sample" "sf::st_set_crs" "get_igp" "sanitize_geos_geometry" "geos::geos_buffer" "vm_p_full_idx" 
"CPL_geos_binop" "st_geos_binop" "t" "st_geos_binop" "st_intersects.sfc" "op" "lengths" "[.sfc" "[" "st_poly_sample" "st_sample.sfc" "st_sample" "st_sample.sf" "sf::st_sample" "sf::st_set_crs" "get_igp" "sanitize_geos_geometry" "geos::geos_buffer" "vm_p_full_idx" 
"lengths" "lengths" "[.sfc" "[" "st_poly_sample" "st_sample.sfc" "st_sample" "st_sample.sf" "sf::st_sample" "sf::st_set_crs" "get_igp" "sanitize_geos_geometry" "geos::geos_buffer" "vm_p_full_idx" 
"[[" "vapply" "st_geometry_type" "st_sample.sfc" "st_sample" "st_sample.sf" "sf::st_sample" "sf::st_set_crs" "get_igp" "sanitize_geos_geometry" "geos::geos_buffer" "vm_p_full_idx" 
"geos::geos_buffer" "vm_p_full_idx" 
"geos::geos_buffer" "vm_p_full_idx" 
"geos::geos_buffer" "vm_p_full_idx" 
"geos::geos_buffer" "vm_p_full_idx" 
"geos::geos_buffer" "vm_p_full_idx" 
"geos::geos_buffer" "vm_p_full_idx" 
"geos::geos_buffer" "vm_p_full_idx" 
"geos::geos_buffer" "vm_p_full_idx" 
"new_geos_geometry" "geos::geos_intersection" "sanitize_geos_geometry" "geos::geos_area" "vm_p_full_idx" 
"new_geos_geometry" "geos::geos_intersection" "sanitize_geos_geometry" "geos::geos_area" "vm_p_full_idx" 
"new_geos_geometry" "geos::geos_intersection" "sanitize_geos_geometry" "geos::geos_area" "vm_p_full_idx" 
"new_geos_geometry" "geos::geos_intersection" "sanitize_geos_geometry" "geos::geos_area" "vm_p_full_idx" 
"new_geos_geometry" "geos::geos_intersection" "sanitize_geos_geometry" "geos::geos_area" "vm_p_full_idx" 
"new_geos_geometry" "geos::geos_intersection" "sanitize_geos_geometry" "geos::geos_area" "vm_p_full_idx" 
"new_geos_geometry" "geos::geos_intersection" "sanitize_geos_geometry" "geos::geos_area" "vm_p_full_idx" 
"new_geos_geometry" "geos::geos_intersection" "sanitize_geos_geometry" "geos::geos_area" "vm_p_full_idx" 
"new_geos_geometry" "geos::geos_intersection" "sanitize_geos_geometry" "geos::geos_area" "vm_p_full_idx" 
"new_geos_geometry" "geos::geos_intersection" "sanitize_geos_geometry" "geos::geos_area" "vm_p_full_idx" 
"new_geos_geometry" "geos::geos_intersection" "sanitize_geos_geometry" "geos::geos_area" "vm_p_full_idx" 
"geos::geos_area" "vm_p_full_idx" 
"CPL_gdal_dimension" "st_dimension" "st_geos_binop" "st_intersects.sfc" "op" "lengths" "[.sfc" "[" "st_poly_sample" "st_sample.sfc" "st_sample" "st_sample.sf" "sf::st_sample" "sf::st_set_crs" "get_igp" "sanitize_geos_geometry" "geos::geos_buffer" "vm_p_full_idx" 
"CPL_gdal_dimension" "st_dimension" "st_geos_binop" "t" "st_geos_binop" "st_intersects.sfc" "op" "lengths" "[.sfc" "[" "st_poly_sample" "st_sample.sfc" "st_sample" "st_sample.sf" "sf::st_sample" "sf::st_set_crs" "get_igp" "sanitize_geos_geometry" "geos::geos_buffer" "vm_p_full_idx" 
"CPL_geos_binop" "st_geos_binop" "t" "st_geos_binop" "st_intersects.sfc" "op" "lengths" "[.sfc" "[" "st_poly_sample" "st_sample.sfc" "st_sample" "st_sample.sf" "sf::st_sample" "sf::st_set_crs" "get_igp" "sanitize_geos_geometry" "geos::geos_buffer" "vm_p_full_idx" 
"structure" "sgbp" "structure" "t.sgbp" "t" "st_geos_binop" "st_intersects.sfc" "op" "lengths" "[.sfc" "[" "st_poly_sample" "st_sample.sfc" "st_sample" "st_sample.sf" "sf::st_sample" "sf::st_set_crs" "get_igp" "sanitize_geos_geometry" "geos::geos_buffer" "vm_p_full_idx" 
"lengths" "lengths" "[.sfc" "[" "st_poly_sample" "st_sample.sfc" "st_sample" "st_sample.sf" "sf::st_sample" "sf::st_set_crs" "get_igp" "sanitize_geos_geometry" "geos::geos_buffer" "vm_p_full_idx" 
"lengths" "lengths" "[.sfc" "[" "st_poly_sample" "st_sample.sfc" "st_sample" "st_sample.sf" "sf::st_sample" "sf::st_set_crs" "get_igp" "sanitize_geos_geometry" "geos::geos_buffer" "vm_p_full_idx" 
"geos::geos_buffer" "vm_p_full_idx" 
"geos::geos_buffer" "vm_p_full_idx" 
"geos::geos_buffer" "vm_p_full_idx" 
"geos::geos_buffer" "vm_p_full_idx" 
"geos::geos_buffer" "vm_p_full_idx" 
"geos::geos_buffer" "vm_p_full_idx" 
"geos::geos_buffer" "vm_p_full_idx" 
"geos::geos_buffer" "vm_p_full_idx" 
"geos::geos_buffer" "vm_p_full_idx" 
"new_geos_geometry" "geos::geos_intersection" "sanitize_geos_geometry" "geos::geos_area" "vm_p_full_idx" 
"new_geos_geometry" "geos::geos_intersection" "sanitize_geos_geometry" "geos::geos_area" "vm_p_full_idx" 
"new_geos_geometry" "geos::geos_intersection" "sanitize_geos_geometry" "geos::geos_area" "vm_p_full_idx" 
"new_geos_geometry" "geos::geos_intersection" "sanitize_geos_geometry" "geos::geos_area" "vm_p_full_idx" 
"new_geos_geometry" "geos::geos_intersection" "sanitize_geos_geometry" "geos::geos_area" "vm_p_full_idx" 
"new_geos_geometry" "geos::geos_intersection" "sanitize_geos_geometry" "geos::geos_area" "vm_p_full_idx" 
"new_geos_geometry" "geos::geos_intersection" "sanitize_geos_geometry" "geos::geos_area" "vm_p_full_idx" 
"new_geos_geometry" "geos::geos_intersection" "sanitize_geos_geometry" "geos::geos_area" "vm_p_full_idx" 
"new_geos_geometry" "geos::geos_intersection" "sanitize_geos_geometry" "geos::geos_area" "vm_p_full_idx" 
"new_geos_geometry" "geos::geos_intersection" "sanitize_geos_geometry" "geos::geos_area" "vm_p_full_idx" 
"geos::geos_area" "vm_p_full_idx" 
"CPL_gdal_dimension" "st_dimension" "st_geos_binop" "st_intersects.sfc" "op" "lengths" "[.sfc" "[" "st_poly_sample" "st_sample.sfc" "st_sample" "st_sample.sf" "sf::st_sample" "sf::st_set_crs" "get_igp" "sanitize_geos_geometry" "geos::geos_buffer" "vm_p_full_idx" 
"CPL_gdal_dimension" "st_dimension" "st_geos_binop" "t" "st_geos_binop" "st_intersects.sfc" "op" "lengths" "[.sfc" "[" "st_poly_sample" "st_sample.sfc" "st_sample" "st_sample.sf" "sf::st_sample" "sf::st_set_crs" "get_igp" "sanitize_geos_geometry" "geos::geos_buffer" "vm_p_full_idx" 
"CPL_geos_binop" "st_geos_binop" "t" "st_geos_binop" "st_intersects.sfc" "op" "lengths" "[.sfc" "[" "st_poly_sample" "st_sample.sfc" "st_sample" "st_sample.sf" "sf::st_sample" "sf::st_set_crs" "get_igp" "sanitize_geos_geometry" "geos::geos_buffer" "vm_p_full_idx" 
"vapply" "st_geometry_type" "st_sample.sfc" "st_sample" "st_sample.sf" "sf::st_sample" "sf::st_set_crs" "get_igp" "sanitize_geos_geometry" "geos::geos_buffer" "vm_p_full_idx" 
"geos::geos_buffer" "vm_p_full_idx" 
"geos::geos_buffer" "vm_p_full_idx" 
"geos::geos_buffer" "vm_p_full_idx" 
"geos::geos_buffer" "vm_p_full_idx" 
"geos::geos_buffer" "vm_p_full_idx" 
"geos::geos_buffer" "vm_p_full_idx" 
"geos::geos_buffer" "vm_p_full_idx" 
"geos::geos_buffer" "vm_p_full_idx" 
"new_geos_geometry" "geos::geos_intersection" "sanitize_geos_geometry" "geos::geos_area" "vm_p_full_idx" 
"new_geos_geometry" "geos::geos_intersection" "sanitize_geos_geometry" "geos::geos_area" "vm_p_full_idx" 
"new_geos_geometry" "geos::geos_intersection" "sanitize_geos_geometry" "geos::geos_area" "vm_p_full_idx" 
"new_geos_geometry" "geos::geos_intersection" "sanitize_geos_geometry" "geos::geos_area" "vm_p_full_idx" 
"new_geos_geometry" "geos::geos_intersection" "sanitize_geos_geometry" "geos::geos_area" "vm_p_full_idx" 
"new_geos_geometry" "geos::geos_intersection" "sanitize_geos_geometry" "geos::geos_area" "vm_p_full_idx" 
"new_geos_geometry" "geos::geos_intersection" "sanitize_geos_geometry" "geos::geos_area" "vm_p_full_idx" 
"new_geos_geometry" "geos::geos_intersection" "sanitize_geos_geometry" "geos::geos_area" "vm_p_full_idx" 
"new_geos_geometry" "geos::geos_intersection" "sanitize_geos_geometry" "geos::geos_area" "vm_p_full_idx" 
"new_geos_geometry" "geos::geos_intersection" "sanitize_geos_geometry" "geos::geos_area" "vm_p_full_idx" 
"new_geos_geometry" "geos::geos_intersection" "sanitize_geos_geometry" "geos::geos_area" "vm_p_full_idx" 
"$<-.data.frame" "$<-" "st_as_sf.data.frame" "st_as_sf" "st_geometry" "st_make_grid" "st_poly_sample" "st_sample.sfc" "st_sample" "st_sample.sf" "sf::st_sample" "sf::st_set_crs" "get_igp" "sanitize_geos_geometry" "geos::geos_buffer" "vm_p_full_idx" 
"CPL_geos_binop" "st_geos_binop" "t" "st_geos_binop" "st_intersects.sfc" "op" "lengths" "[.sfc" "[" "st_poly_sample" "st_sample.sfc" "st_sample" "st_sample.sf" "sf::st_sample" "sf::st_set_crs" "get_igp" "sanitize_geos_geometry" "geos::geos_buffer" "vm_p_full_idx" 
"lengths" "lengths" "[.sfc" "[" "st_poly_sample" "st_sample.sfc" "st_sample" "st_sample.sf" "sf::st_sample" "sf::st_set_crs" "get_igp" "sanitize_geos_geometry" "geos::geos_buffer" "vm_p_full_idx" 
"geos::geos_buffer" "vm_p_full_idx" 
"geos::geos_buffer" "vm_p_full_idx" 
"geos::geos_buffer" "vm_p_full_idx" 
"geos::geos_buffer" "vm_p_full_idx" 
"geos::geos_buffer" "vm_p_full_idx" 
"geos::geos_buffer" "vm_p_full_idx" 
"geos::geos_buffer" "vm_p_full_idx" 
"geos::geos_buffer" "vm_p_full_idx" 
"geos::geos_buffer" "vm_p_full_idx" 
"new_geos_geometry" "geos::geos_intersection" "sanitize_geos_geometry" "geos::geos_area" "vm_p_full_idx" 
"new_geos_geometry" "geos::geos_intersection" "sanitize_geos_geometry" "geos::geos_area" "vm_p_full_idx" 
"new_geos_geometry" "geos::geos_intersection" "sanitize_geos_geometry" "geos::geos_area" "vm_p_full_idx" 
"new_geos_geometry" "geos::geos_intersection" "sanitize_geos_geometry" "geos::geos_area" "vm_p_full_idx" 
"new_geos_geometry" "geos::geos_intersection" "sanitize_geos_geometry" "geos::geos_area" "vm_p_full_idx" 
"new_geos_geometry" "geos::geos_intersection" "sanitize_geos_geometry" "geos::geos_area" "vm_p_full_idx" 
"new_geos_geometry" "geos::geos_intersection" "sanitize_geos_geometry" "geos::geos_area" "vm_p_full_idx" 
"new_geos_geometry" "geos::geos_intersection" "sanitize_geos_geometry" "geos::geos_area" "vm_p_full_idx" 
"new_geos_geometry" "geos::geos_intersection" "sanitize_geos_geometry" "geos::geos_area" "vm_p_full_idx" 
"cat" "pb$up" "setTxtProgressBar" "vm_p_full_idx" 
"CPL_gdal_dimension" "st_dimension" "st_geos_binop" "st_intersects.sfc" "op" "lengths" "[.sfc" "[" "st_poly_sample" "st_sample.sfc" "st_sample" "st_sample.sf" "sf::st_sample" "sf::st_set_crs" "get_igp" "sanitize_geos_geometry" "geos::geos_buffer" "vm_p_full_idx" 
"CPL_geos_binop" "st_geos_binop" "t" "st_geos_binop" "st_intersects.sfc" "op" "lengths" "[.sfc" "[" "st_poly_sample" "st_sample.sfc" "st_sample" "st_sample.sf" "sf::st_sample" "sf::st_set_crs" "get_igp" "sanitize_geos_geometry" "geos::geos_buffer" "vm_p_full_idx" 
"lengths" "[.sfc" "[" "st_poly_sample" "st_sample.sfc" "st_sample" "st_sample.sf" "sf::st_sample" "sf::st_set_crs" "get_igp" "sanitize_geos_geometry" "geos::geos_buffer" "vm_p_full_idx" 
"vapply" "st_geometry_type" "st_sample.sfc" "st_sample" "st_sample.sf" "sf::st_sample" "sf::st_set_crs" "get_igp" "sanitize_geos_geometry" "geos::geos_buffer" "vm_p_full_idx" 
"geos::geos_buffer" "vm_p_full_idx" 
"geos::geos_buffer" "vm_p_full_idx" 
"geos::geos_buffer" "vm_p_full_idx" 
"geos::geos_buffer" "vm_p_full_idx" 
"geos::geos_buffer" "vm_p_full_idx" 
"geos::geos_buffer" "vm_p_full_idx" 
"geos::geos_buffer" "vm_p_full_idx" 
"geos::geos_buffer" "vm_p_full_idx" 
"new_geos_geometry" "geos::geos_intersection" "sanitize_geos_geometry" "geos::geos_area" "vm_p_full_idx" 
"new_geos_geometry" "geos::geos_intersection" "sanitize_geos_geometry" "geos::geos_area" "vm_p_full_idx" 
"new_geos_geometry" "geos::geos_intersection" "sanitize_geos_geometry" "geos::geos_area" "vm_p_full_idx" 
"new_geos_geometry" "geos::geos_intersection" "sanitize_geos_geometry" "geos::geos_area" "vm_p_full_idx" 
"new_geos_geometry" "geos::geos_intersection" "sanitize_geos_geometry" "geos::geos_area" "vm_p_full_idx" 
"new_geos_geometry" "geos::geos_intersection" "sanitize_geos_geometry" "geos::geos_area" "vm_p_full_idx" 
"new_geos_geometry" "geos::geos_intersection" "sanitize_geos_geometry" "geos::geos_area" "vm_p_full_idx" 
"new_geos_geometry" "geos::geos_intersection" "sanitize_geos_geometry" "geos::geos_area" "vm_p_full_idx" 
"new_geos_geometry" "geos::geos_intersection" "sanitize_geos_geometry" "geos::geos_area" "vm_p_full_idx" 
"new_geos_geometry" "geos::geos_intersection" "sanitize_geos_geometry" "geos::geos_area" "vm_p_full_idx" 
"CPL_gdal_dimension" "st_dimension" "st_geos_binop" "st_intersects.sfc" "op" "lengths" "[.sfc" "[" "st_poly_sample" "st_sample.sfc" "st_sample" "st_sample.sf" "sf::st_sample" "sf::st_set_crs" "get_igp" "sanitize_geos_geometry" "geos::geos_buffer" "vm_p_full_idx" 
"CPL_gdal_dimension" "st_dimension" "st_geos_binop" "t" "st_geos_binop" "st_intersects.sfc" "op" "lengths" "[.sfc" "[" "st_poly_sample" "st_sample.sfc" "st_sample" "st_sample.sf" "sf::st_sample" "sf::st_set_crs" "get_igp" "sanitize_geos_geometry" "geos::geos_buffer" "vm_p_full_idx" 
"CPL_geos_binop" "st_geos_binop" "t" "st_geos_binop" "st_intersects.sfc" "op" "lengths" "[.sfc" "[" "st_poly_sample" "st_sample.sfc" "st_sample" "st_sample.sf" "sf::st_sample" "sf::st_set_crs" "get_igp" "sanitize_geos_geometry" "geos::geos_buffer" "vm_p_full_idx" 
"lengths" "lengths" "[.sfc" "[" "st_poly_sample" "st_sample.sfc" "st_sample" "st_sample.sf" "sf::st_sample" "sf::st_set_crs" "get_igp" "sanitize_geos_geometry" "geos::geos_buffer" "vm_p_full_idx" 
"geos::geos_buffer" "vm_p_full_idx" 
"geos::geos_buffer" "vm_p_full_idx" 
"geos::geos_buffer" "vm_p_full_idx" 
"geos::geos_buffer" "vm_p_full_idx" 
"geos::geos_buffer" "vm_p_full_idx" 
"geos::geos_buffer" "vm_p_full_idx" 
"geos::geos_buffer" "vm_p_full_idx" 
"geos::geos_buffer" "vm_p_full_idx" 
"new_geos_geometry" "geos::geos_intersection" "sanitize_geos_geometry" "geos::geos_area" "vm_p_full_idx" 
"new_geos_geometry" "geos::geos_intersection" "sanitize_geos_geometry" "geos::geos_area" "vm_p_full_idx" 
"new_geos_geometry" "geos::geos_intersection" "sanitize_geos_geometry" "geos::geos_area" "vm_p_full_idx" 
"new_geos_geometry" "geos::geos_intersection" "sanitize_geos_geometry" "geos::geos_area" "vm_p_full_idx" 
"new_geos_geometry" "geos::geos_intersection" "sanitize_geos_geometry" "geos::geos_area" "vm_p_full_idx" 
"new_geos_geometry" "geos::geos_intersection" "sanitize_geos_geometry" "geos::geos_area" "vm_p_full_idx" 
"new_geos_geometry" "geos::geos_intersection" "sanitize_geos_geometry" "geos::geos_area" "vm_p_full_idx" 
"new_geos_geometry" "geos::geos_intersection" "sanitize_geos_geometry" "geos::geos_area" "vm_p_full_idx" 
"new_geos_geometry" "geos::geos_intersection" "sanitize_geos_geometry" "geos::geos_area" "vm_p_full_idx" 
"new_geos_geometry" "geos::geos_intersection" "sanitize_geos_geometry" "geos::geos_area" "vm_p_full_idx" 
"st_crs" "st_is_longlat" "isTRUE" "st_area.sfc" "st_area" "st_poly_sample" "st_sample.sfc" "st_sample" "st_poly_sample" "st_sample.sfc" "st_sample" "st_sample.sf" "sf::st_sample" "sf::st_set_crs" "get_igp" "sanitize_geos_geometry" "geos::geos_buffer" "vm_p_full_idx" 
"CPL_gdal_dimension" "st_dimension" "st_geos_binop" "st_intersects.sfc" "op" "lengths" "[.sfc" "[" "st_poly_sample" "st_sample.sfc" "st_sample" "st_sample.sf" "sf::st_sample" "sf::st_set_crs" "get_igp" "sanitize_geos_geometry" "geos::geos_buffer" "vm_p_full_idx" 
"CPL_gdal_dimension" "st_dimension" "st_geos_binop" "t" "st_geos_binop" "st_intersects.sfc" "op" "lengths" "[.sfc" "[" "st_poly_sample" "st_sample.sfc" "st_sample" "st_sample.sf" "sf::st_sample" "sf::st_set_crs" "get_igp" "sanitize_geos_geometry" "geos::geos_buffer" "vm_p_full_idx" 
"CPL_gdal_dimension" "st_dimension" "st_geos_binop" "t" "st_geos_binop" "st_intersects.sfc" "op" "lengths" "[.sfc" "[" "st_poly_sample" "st_sample.sfc" "st_sample" "st_sample.sf" "sf::st_sample" "sf::st_set_crs" "get_igp" "sanitize_geos_geometry" "geos::geos_buffer" "vm_p_full_idx" 
"CPL_geos_binop" "st_geos_binop" "t" "st_geos_binop" "st_intersects.sfc" "op" "lengths" "[.sfc" "[" "st_poly_sample" "st_sample.sfc" "st_sample" "st_sample.sf" "sf::st_sample" "sf::st_set_crs" "get_igp" "sanitize_geos_geometry" "geos::geos_buffer" "vm_p_full_idx" 
"lengths" "lengths" "[.sfc" "[" "st_poly_sample" "st_sample.sfc" "st_sample" "st_sample.sf" "sf::st_sample" "sf::st_set_crs" "get_igp" "sanitize_geos_geometry" "geos::geos_buffer" "vm_p_full_idx" 
"wk_handle.sfc" "wk_handle" "wk_translate.default" "wk::wk_translate" "as_geos_geometry.default" "as_geos_geometry" "sanitize_geos_geometry" "geos::geos_buffer" "vm_p_full_idx" 
"geos::geos_buffer" "vm_p_full_idx" 
"geos::geos_buffer" "vm_p_full_idx" 
"geos::geos_buffer" "vm_p_full_idx" 
"geos::geos_buffer" "vm_p_full_idx" 
"geos::geos_buffer" "vm_p_full_idx" 
"geos::geos_buffer" "vm_p_full_idx" 
"geos::geos_buffer" "vm_p_full_idx" 
"new_geos_geometry" "geos::geos_intersection" "sanitize_geos_geometry" "geos::geos_area" "vm_p_full_idx" 
"new_geos_geometry" "geos::geos_intersection" "sanitize_geos_geometry" "geos::geos_area" "vm_p_full_idx" 
"new_geos_geometry" "geos::geos_intersection" "sanitize_geos_geometry" "geos::geos_area" "vm_p_full_idx" 
"new_geos_geometry" "geos::geos_intersection" "sanitize_geos_geometry" "geos::geos_area" "vm_p_full_idx" 
"new_geos_geometry" "geos::geos_intersection" "sanitize_geos_geometry" "geos::geos_area" "vm_p_full_idx" 
"new_geos_geometry" "geos::geos_intersection" "sanitize_geos_geometry" "geos::geos_area" "vm_p_full_idx" 
"new_geos_geometry" "geos::geos_intersection" "sanitize_geos_geometry" "geos::geos_area" "vm_p_full_idx" 
"new_geos_geometry" "geos::geos_intersection" "sanitize_geos_geometry" "geos::geos_area" "vm_p_full_idx" 
"new_geos_geometry" "geos::geos_intersection" "sanitize_geos_geometry" "geos::geos_area" "vm_p_full_idx" 
"new_geos_geometry" "geos::geos_intersection" "sanitize_geos_geometry" "geos::geos_area" "vm_p_full_idx" 
"new_geos_geometry" "geos::geos_intersection" "sanitize_geos_geometry" "geos::geos_area" "vm_p_full_idx" 
"new_geos_geometry" "geos::geos_intersection" "sanitize_geos_geometry" "geos::geos_area" "vm_p_full_idx" 
"new_geos_geometry" "geos::geos_intersection" "sanitize_geos_geometry" "geos::geos_area" "vm_p_full_idx" 
"new_geos_geometry" "geos::geos_intersection" "sanitize_geos_geometry" "geos::geos_area" "vm_p_full_idx" 
"sf::st_crs" "sf::st_set_crs" "get_igp" "sanitize_geos_geometry" "geos::geos_buffer" "vm_p_full_idx" 
"CPL_gdal_dimension" "st_dimension" "st_geos_binop" "st_intersects.sfc" "op" "lengths" "[.sfc" "[" "st_poly_sample" "st_sample.sfc" "st_sample" "st_sample.sf" "sf::st_sample" "sf::st_set_crs" "get_igp" "sanitize_geos_geometry" "geos::geos_buffer" "vm_p_full_idx" 
"CPL_gdal_dimension" "st_dimension" "st_geos_binop" "t" "st_geos_binop" "st_intersects.sfc" "op" "lengths" "[.sfc" "[" "st_poly_sample" "st_sample.sfc" "st_sample" "st_sample.sf" "sf::st_sample" "sf::st_set_crs" "get_igp" "sanitize_geos_geometry" "geos::geos_buffer" "vm_p_full_idx" 
"CPL_geos_binop" "st_geos_binop" "t" "st_geos_binop" "st_intersects.sfc" "op" "lengths" "[.sfc" "[" "st_poly_sample" "st_sample.sfc" "st_sample" "st_sample.sf" "sf::st_sample" "sf::st_set_crs" "get_igp" "sanitize_geos_geometry" "geos::geos_buffer" "vm_p_full_idx" 
"lengths" "[.sfc" "[" "st_poly_sample" "st_sample.sfc" "st_sample" "st_sample.sf" "sf::st_sample" "sf::st_set_crs" "get_igp" "sanitize_geos_geometry" "geos::geos_buffer" "vm_p_full_idx" 
"vapply" "st_geometry_type" "st_sample.sfc" "st_sample" "st_sample.sf" "sf::st_sample" "sf::st_set_crs" "get_igp" "sanitize_geos_geometry" "geos::geos_buffer" "vm_p_full_idx" 
"geos::geos_buffer" "vm_p_full_idx" 
"geos::geos_buffer" "vm_p_full_idx" 
"geos::geos_buffer" "vm_p_full_idx" 
"geos::geos_buffer" "vm_p_full_idx" 
"geos::geos_buffer" "vm_p_full_idx" 
"geos::geos_buffer" "vm_p_full_idx" 
"geos::geos_buffer" "vm_p_full_idx" 
"new_geos_geometry" "geos::geos_intersection" "sanitize_geos_geometry" "geos::geos_area" "vm_p_full_idx" 
"new_geos_geometry" "geos::geos_intersection" "sanitize_geos_geometry" "geos::geos_area" "vm_p_full_idx" 
"new_geos_geometry" "geos::geos_intersection" "sanitize_geos_geometry" "geos::geos_area" "vm_p_full_idx" 
"new_geos_geometry" "geos::geos_intersection" "sanitize_geos_geometry" "geos::geos_area" "vm_p_full_idx" 
"new_geos_geometry" "geos::geos_intersection" "sanitize_geos_geometry" "geos::geos_area" "vm_p_full_idx" 
"new_geos_geometry" "geos::geos_intersection" "sanitize_geos_geometry" "geos::geos_area" "vm_p_full_idx" 
"new_geos_geometry" "geos::geos_intersection" "sanitize_geos_geometry" "geos::geos_area" "vm_p_full_idx" 
"new_geos_geometry" "geos::geos_intersection" "sanitize_geos_geometry" "geos::geos_area" "vm_p_full_idx" 
"new_geos_geometry" "geos::geos_intersection" "sanitize_geos_geometry" "geos::geos_area" "vm_p_full_idx" 
"new_geos_geometry" "geos::geos_intersection" "sanitize_geos_geometry" "geos::geos_area" "vm_p_full_idx" 
"new_geos_geometry" "geos::geos_intersection" "sanitize_geos_geometry" "geos::geos_area" "vm_p_full_idx" 
"geos::geos_area" "vm_p_full_idx" 
"CPL_gdal_dimension" "st_dimension" "st_geos_binop" "st_intersects.sfc" "op" "lengths" "[.sfc" "[" "st_poly_sample" "st_sample.sfc" "st_sample" "st_sample.sf" "sf::st_sample" "sf::st_set_crs" "get_igp" "sanitize_geos_geometry" "geos::geos_buffer" "vm_p_full_idx" 
"CPL_gdal_dimension" "st_dimension" "st_geos_binop" "st_intersects.sfc" "op" "lengths" "[.sfc" "[" "st_poly_sample" "st_sample.sfc" "st_sample" "st_sample.sf" "sf::st_sample" "sf::st_set_crs" "get_igp" "sanitize_geos_geometry" "geos::geos_buffer" "vm_p_full_idx" 
"CPL_gdal_dimension" "st_dimension" "st_geos_binop" "t" "st_geos_binop" "st_intersects.sfc" "op" "lengths" "[.sfc" "[" "st_poly_sample" "st_sample.sfc" "st_sample" "st_sample.sf" "sf::st_sample" "sf::st_set_crs" "get_igp" "sanitize_geos_geometry" "geos::geos_buffer" "vm_p_full_idx" 
"CPL_geos_binop" "st_geos_binop" "t" "st_geos_binop" "st_intersects.sfc" "op" "lengths" "[.sfc" "[" "st_poly_sample" "st_sample.sfc" "st_sample" "st_sample.sf" "sf::st_sample" "sf::st_set_crs" "get_igp" "sanitize_geos_geometry" "geos::geos_buffer" "vm_p_full_idx" 
"CPL_geos_binop" "st_geos_binop" "t" "st_geos_binop" "st_intersects.sfc" "op" "lengths" "[.sfc" "[" "st_poly_sample" "st_sample.sfc" "st_sample" "st_sample.sf" "sf::st_sample" "sf::st_set_crs" "get_igp" "sanitize_geos_geometry" "geos::geos_buffer" "vm_p_full_idx" 
"CPL_geos_binop" "st_geos_binop" "t" "st_geos_binop" "st_intersects.sfc" "op" "lengths" "[.sfc" "[" "st_poly_sample" "st_sample.sfc" "st_sample" "st_sample.sf" "sf::st_sample" "sf::st_set_crs" "get_igp" "sanitize_geos_geometry" "geos::geos_buffer" "vm_p_full_idx" 
"CPL_geos_binop" "st_geos_binop" "t" "st_geos_binop" "st_intersects.sfc" "op" "lengths" "[.sfc" "[" "st_poly_sample" "st_sample.sfc" "st_sample" "st_sample.sf" "sf::st_sample" "sf::st_set_crs" "get_igp" "sanitize_geos_geometry" "geos::geos_buffer" "vm_p_full_idx" 
"CPL_geos_binop" "st_geos_binop" "t" "st_geos_binop" "st_intersects.sfc" "op" "lengths" "[.sfc" "[" "st_poly_sample" "st_sample.sfc" "st_sample" "st_sample.sf" "sf::st_sample" "sf::st_set_crs" "get_igp" "sanitize_geos_geometry" "geos::geos_buffer" "vm_p_full_idx" 
"lengths" "[.sfc" "[" "st_poly_sample" "st_sample.sfc" "st_sample" "st_sample.sf" "sf::st_sample" "sf::st_set_crs" "get_igp" "sanitize_geos_geometry" "geos::geos_buffer" "vm_p_full_idx" 
"lengths" "lengths" "[.sfc" "[" "st_poly_sample" "st_sample.sfc" "st_sample" "st_sample.sf" "sf::st_sample" "sf::st_set_crs" "get_igp" "sanitize_geos_geometry" "geos::geos_buffer" "vm_p_full_idx" 
"FUN" "vapply" "st_geometry_type" "st_sample.sfc" "st_sample" "st_sample.sf" "sf::st_sample" "sf::st_set_crs" "get_igp" "sanitize_geos_geometry" "geos::geos_buffer" "vm_p_full_idx" 
"geos::geos_buffer" "vm_p_full_idx" 
"geos::geos_buffer" "vm_p_full_idx" 
"geos::geos_buffer" "vm_p_full_idx" 
"geos::geos_buffer" "vm_p_full_idx" 
"geos::geos_buffer" "vm_p_full_idx" 
"geos::geos_buffer" "vm_p_full_idx" 
"geos::geos_buffer" "vm_p_full_idx" 
"geos::geos_buffer" "vm_p_full_idx" 
"geos::geos_buffer" "vm_p_full_idx" 
"new_geos_geometry" "geos::geos_intersection" "sanitize_geos_geometry" "geos::geos_area" "vm_p_full_idx" 
"new_geos_geometry" "geos::geos_intersection" "sanitize_geos_geometry" "geos::geos_area" "vm_p_full_idx" 
"new_geos_geometry" "geos::geos_intersection" "sanitize_geos_geometry" "geos::geos_area" "vm_p_full_idx" 
"new_geos_geometry" "geos::geos_intersection" "sanitize_geos_geometry" "geos::geos_area" "vm_p_full_idx" 
"new_geos_geometry" "geos::geos_intersection" "sanitize_geos_geometry" "geos::geos_area" "vm_p_full_idx" 
"new_geos_geometry" "geos::geos_intersection" "sanitize_geos_geometry" "geos::geos_area" "vm_p_full_idx" 
"new_geos_geometry" "geos::geos_intersection" "sanitize_geos_geometry" "geos::geos_area" "vm_p_full_idx" 
"new_geos_geometry" "geos::geos_intersection" "sanitize_geos_geometry" "geos::geos_area" "vm_p_full_idx" 
"new_geos_geometry" "geos::geos_intersection" "sanitize_geos_geometry" "geos::geos_area" "vm_p_full_idx" 
"new_geos_geometry" "geos::geos_intersection" "sanitize_geos_geometry" "geos::geos_area" "vm_p_full_idx" 
"new_geos_geometry" "geos::geos_intersection" "sanitize_geos_geometry" "geos::geos_area" "vm_p_full_idx" 
"new_geos_geometry" "geos::geos_intersection" "sanitize_geos_geometry" "geos::geos_area" "vm_p_full_idx" 
"new_geos_geometry" "geos::geos_intersection" "sanitize_geos_geometry" "geos::geos_area" "vm_p_full_idx" 
"geos::geos_area" "vm_p_full_idx" 
"structure" "st_as_sf.data.frame" "st_as_sf" "st_geometry" "st_make_grid" "st_poly_sample" "st_sample.sfc" "st_sample" "st_sample.sf" "sf::st_sample" "sf::st_set_crs" "get_igp" "sanitize_geos_geometry" "geos::geos_buffer" "vm_p_full_idx" 
"CPL_gdal_dimension" "st_dimension" "st_geos_binop" "t" "st_geos_binop" "st_intersects.sfc" "op" "lengths" "[.sfc" "[" "st_poly_sample" "st_sample.sfc" "st_sample" "st_sample.sf" "sf::st_sample" "sf::st_set_crs" "get_igp" "sanitize_geos_geometry" "geos::geos_buffer" "vm_p_full_idx" 
"CPL_transpose_sparse_incidence" "structure" "sgbp" "structure" "t.sgbp" "t" "st_geos_binop" "st_intersects.sfc" "op" "lengths" "[.sfc" "[" "st_poly_sample" "st_sample.sfc" "st_sample" "st_sample.sf" "sf::st_sample" "sf::st_set_crs" "get_igp" "sanitize_geos_geometry" "geos::geos_buffer" "vm_p_full_idx" 
"vapply" "st_geometry_type" "st_sample.sfc" "st_sample" "st_sample.sf" "sf::st_sample" "sf::st_set_crs" "get_igp" "sanitize_geos_geometry" "geos::geos_buffer" "vm_p_full_idx" 
"geos::geos_buffer" "vm_p_full_idx" 
"geos::geos_buffer" "vm_p_full_idx" 
"geos::geos_buffer" "vm_p_full_idx" 
"geos::geos_buffer" "vm_p_full_idx" 
"geos::geos_buffer" "vm_p_full_idx" 
"geos::geos_buffer" "vm_p_full_idx" 
"geos::geos_buffer" "vm_p_full_idx" 
"geos::geos_buffer" "vm_p_full_idx" 
"new_geos_geometry" "geos::geos_intersection" "sanitize_geos_geometry" "geos::geos_area" "vm_p_full_idx" 
"new_geos_geometry" "geos::geos_intersection" "sanitize_geos_geometry" "geos::geos_area" "vm_p_full_idx" 
"new_geos_geometry" "geos::geos_intersection" "sanitize_geos_geometry" "geos::geos_area" "vm_p_full_idx" 
"new_geos_geometry" "geos::geos_intersection" "sanitize_geos_geometry" "geos::geos_area" "vm_p_full_idx" 
"new_geos_geometry" "geos::geos_intersection" "sanitize_geos_geometry" "geos::geos_area" "vm_p_full_idx" 
"new_geos_geometry" "geos::geos_intersection" "sanitize_geos_geometry" "geos::geos_area" "vm_p_full_idx" 
"new_geos_geometry" "geos::geos_intersection" "sanitize_geos_geometry" "geos::geos_area" "vm_p_full_idx" 
"new_geos_geometry" "geos::geos_intersection" "sanitize_geos_geometry" "geos::geos_area" "vm_p_full_idx" 
"new_geos_geometry" "geos::geos_intersection" "sanitize_geos_geometry" "geos::geos_area" "vm_p_full_idx" 
"new_geos_geometry" "geos::geos_intersection" "sanitize_geos_geometry" "geos::geos_area" "vm_p_full_idx" 
"new_geos_geometry" "geos::geos_intersection" "sanitize_geos_geometry" "geos::geos_area" "vm_p_full_idx" 
"new_geos_geometry" "geos::geos_intersection" "sanitize_geos_geometry" "geos::geos_area" "vm_p_full_idx" 
"geos::geos_area" "vm_p_full_idx" 
"CPL_gdal_dimension" "st_dimension" "st_geos_binop" "st_intersects.sfc" "op" "lengths" "[.sfc" "[" "st_poly_sample" "st_sample.sfc" "st_sample" "st_sample.sf" "sf::st_sample" "sf::st_set_crs" "get_igp" "sanitize_geos_geometry" "geos::geos_buffer" "vm_p_full_idx" 
"CPL_gdal_dimension" "st_dimension" "st_geos_binop" "t" "st_geos_binop" "st_intersects.sfc" "op" "lengths" "[.sfc" "[" "st_poly_sample" "st_sample.sfc" "st_sample" "st_sample.sf" "sf::st_sample" "sf::st_set_crs" "get_igp" "sanitize_geos_geometry" "geos::geos_buffer" "vm_p_full_idx" 
"CPL_geos_binop" "st_geos_binop" "t" "st_geos_binop" "st_intersects.sfc" "op" "lengths" "[.sfc" "[" "st_poly_sample" "st_sample.sfc" "st_sample" "st_sample.sf" "sf::st_sample" "sf::st_set_crs" "get_igp" "sanitize_geos_geometry" "geos::geos_buffer" "vm_p_full_idx" 
"CPL_geos_binop" "st_geos_binop" "t" "st_geos_binop" "st_intersects.sfc" "op" "lengths" "[.sfc" "[" "st_poly_sample" "st_sample.sfc" "st_sample" "st_sample.sf" "sf::st_sample" "sf::st_set_crs" "get_igp" "sanitize_geos_geometry" "geos::geos_buffer" "vm_p_full_idx" 
"lengths" "lengths" "[.sfc" "[" "st_poly_sample" "st_sample.sfc" "st_sample" "st_sample.sf" "sf::st_sample" "sf::st_set_crs" "get_igp" "sanitize_geos_geometry" "geos::geos_buffer" "vm_p_full_idx" 
"vapply" "st_geometry_type" "st_sample.sfc" "st_sample" "st_sample.sf" "sf::st_sample" "sf::st_set_crs" "get_igp" "sanitize_geos_geometry" "geos::geos_buffer" "vm_p_full_idx" 
"geos::geos_buffer" "vm_p_full_idx" 
"geos::geos_buffer" "vm_p_full_idx" 
"geos::geos_buffer" "vm_p_full_idx" 
"geos::geos_buffer" "vm_p_full_idx" 
"geos::geos_buffer" "vm_p_full_idx" 
"geos::geos_buffer" "vm_p_full_idx" 
"geos::geos_buffer" "vm_p_full_idx" 
"geos::geos_buffer" "vm_p_full_idx" 
"new_geos_geometry" "geos::geos_intersection" "sanitize_geos_geometry" "geos::geos_area" "vm_p_full_idx" 
"new_geos_geometry" "geos::geos_intersection" "sanitize_geos_geometry" "geos::geos_area" "vm_p_full_idx" 
"new_geos_geometry" "geos::geos_intersection" "sanitize_geos_geometry" "geos::geos_area" "vm_p_full_idx" 
"new_geos_geometry" "geos::geos_intersection" "sanitize_geos_geometry" "geos::geos_area" "vm_p_full_idx" 
"new_geos_geometry" "geos::geos_intersection" "sanitize_geos_geometry" "geos::geos_area" "vm_p_full_idx" 
"new_geos_geometry" "geos::geos_intersection" "sanitize_geos_geometry" "geos::geos_area" "vm_p_full_idx" 
"new_geos_geometry" "geos::geos_intersection" "sanitize_geos_geometry" "geos::geos_area" "vm_p_full_idx" 
"new_geos_geometry" "geos::geos_intersection" "sanitize_geos_geometry" "geos::geos_area" "vm_p_full_idx" 
"new_geos_geometry" "geos::geos_intersection" "sanitize_geos_geometry" "geos::geos_area" "vm_p_full_idx" 
"new_geos_geometry" "geos::geos_intersection" "sanitize_geos_geometry" "geos::geos_area" "vm_p_full_idx" 
"new_geos_geometry" "geos::geos_intersection" "sanitize_geos_geometry" "geos::geos_area" "vm_p_full_idx" 
"isTRUE" "Sys.getenv" "is_rstudio" "rstudio$detect" "cli::console_width" "fansi::strwrap_ctl" "strwrap2" "FUN" "vapply" "map_mold" "map_chr" "format_comment" "rep_along" "style_subtle" "tbl_format_header.tbl" "tbl_format_header" "format_tbl" "format.tbl" "format" "writeLines" "print_tbl" "print.tbl" "<Anonymous>" 
